{"/Users/somkheart/Documents/lprlinebot/lib/client.ts":{"path":"/Users/somkheart/Documents/lprlinebot/lib/client.ts","statementMap":{"0":{"start":{"line":2,"column":0},"end":{"line":2,"column":62}},"1":{"start":{"line":3,"column":0},"end":{"line":3,"column":23}},"2":{"start":{"line":4,"column":15},"end":{"line":4,"column":32}},"3":{"start":{"line":5,"column":14},"end":{"line":5,"column":32}},"4":{"start":{"line":6,"column":16},"end":{"line":6,"column":34}},"5":{"start":{"line":7,"column":20},"end":{"line":7,"column":42}},"6":{"start":{"line":10,"column":8},"end":{"line":10,"column":32}},"7":{"start":{"line":11,"column":8},"end":{"line":13,"column":9}},"8":{"start":{"line":12,"column":12},"end":{"line":12,"column":55}},"9":{"start":{"line":14,"column":8},"end":{"line":14,"column":29}},"10":{"start":{"line":15,"column":8},"end":{"line":17,"column":88}},"11":{"start":{"line":20,"column":8},"end":{"line":20,"column":36}},"12":{"start":{"line":23,"column":23},"end":{"line":23,"column":38}},"13":{"start":{"line":24,"column":8},"end":{"line":26,"column":9}},"14":{"start":{"line":25,"column":12},"end":{"line":25,"column":77}},"15":{"start":{"line":28,"column":8},"end":{"line":28,"column":32}},"16":{"start":{"line":29,"column":8},"end":{"line":29,"column":22}},"17":{"start":{"line":32,"column":53},"end":{"line":32,"column":58}},"18":{"start":{"line":33,"column":22},"end":{"line":33,"column":54}},"19":{"start":{"line":34,"column":8},"end":{"line":37,"column":9}},"20":{"start":{"line":35,"column":12},"end":{"line":36,"column":67}},"21":{"start":{"line":38,"column":8},"end":{"line":38,"column":23}},"22":{"start":{"line":41,"column":8},"end":{"line":45,"column":41}},"23":{"start":{"line":48,"column":8},"end":{"line":52,"column":11}},"24":{"start":{"line":55,"column":8},"end":{"line":59,"column":41}},"25":{"start":{"line":62,"column":8},"end":{"line":68,"column":41}},"26":{"start":{"line":71,"column":8},"end":{"line":74,"column":41}},"27":{"start":{"line":77,"column":24},"end":{"line":77,"column":100}},"28":{"start":{"line":78,"column":8},"end":{"line":78,"column":43}},"29":{"start":{"line":81,"column":24},"end":{"line":81,"column":121}},"30":{"start":{"line":82,"column":8},"end":{"line":82,"column":43}},"31":{"start":{"line":85,"column":8},"end":{"line":85,"column":67}},"32":{"start":{"line":88,"column":8},"end":{"line":88,"column":65}},"33":{"start":{"line":91,"column":24},"end":{"line":91,"column":26}},"34":{"start":{"line":93,"column":8},"end":{"line":98,"column":24}},"35":{"start":{"line":94,"column":24},"end":{"line":94,"column":142}},"36":{"start":{"line":95,"column":12},"end":{"line":95,"column":36}},"37":{"start":{"line":96,"column":12},"end":{"line":96,"column":56}},"38":{"start":{"line":97,"column":12},"end":{"line":97,"column":29}},"39":{"start":{"line":99,"column":8},"end":{"line":99,"column":25}},"40":{"start":{"line":102,"column":8},"end":{"line":102,"column":55}},"41":{"start":{"line":105,"column":8},"end":{"line":105,"column":53}},"42":{"start":{"line":108,"column":33},"end":{"line":108,"column":122}},"43":{"start":{"line":109,"column":8},"end":{"line":109,"column":52}},"44":{"start":{"line":112,"column":32},"end":{"line":112,"column":119}},"45":{"start":{"line":113,"column":8},"end":{"line":113,"column":51}},"46":{"start":{"line":116,"column":29},"end":{"line":116,"column":112}},"47":{"start":{"line":117,"column":8},"end":{"line":117,"column":48}},"48":{"start":{"line":120,"column":8},"end":{"line":120,"column":98}},"49":{"start":{"line":123,"column":8},"end":{"line":123,"column":97}},"50":{"start":{"line":126,"column":8},"end":{"line":126,"column":48}},"51":{"start":{"line":129,"column":8},"end":{"line":129,"column":46}},"52":{"start":{"line":132,"column":20},"end":{"line":132,"column":101}},"53":{"start":{"line":133,"column":8},"end":{"line":133,"column":39}},"54":{"start":{"line":136,"column":20},"end":{"line":136,"column":98}},"55":{"start":{"line":137,"column":8},"end":{"line":137,"column":50}},"56":{"start":{"line":140,"column":8},"end":{"line":140,"column":94}},"57":{"start":{"line":143,"column":20},"end":{"line":143,"column":102}},"58":{"start":{"line":144,"column":8},"end":{"line":144,"column":50}},"59":{"start":{"line":147,"column":8},"end":{"line":147,"column":107}},"60":{"start":{"line":150,"column":8},"end":{"line":150,"column":95}},"61":{"start":{"line":153,"column":8},"end":{"line":156,"column":11}},"62":{"start":{"line":159,"column":8},"end":{"line":161,"column":11}},"63":{"start":{"line":164,"column":8},"end":{"line":164,"column":100}},"64":{"start":{"line":167,"column":8},"end":{"line":167,"column":120}},"65":{"start":{"line":170,"column":20},"end":{"line":170,"column":92}},"66":{"start":{"line":171,"column":8},"end":{"line":171,"column":49}},"67":{"start":{"line":174,"column":8},"end":{"line":174,"column":101}},"68":{"start":{"line":177,"column":20},"end":{"line":177,"column":96}},"69":{"start":{"line":178,"column":8},"end":{"line":178,"column":50}},"70":{"start":{"line":181,"column":8},"end":{"line":181,"column":89}},"71":{"start":{"line":184,"column":20},"end":{"line":184,"column":104}},"72":{"start":{"line":185,"column":8},"end":{"line":185,"column":49}},"73":{"start":{"line":188,"column":20},"end":{"line":188,"column":114}},"74":{"start":{"line":189,"column":8},"end":{"line":189,"column":39}},"75":{"start":{"line":192,"column":20},"end":{"line":192,"column":113}},"76":{"start":{"line":193,"column":8},"end":{"line":193,"column":39}},"77":{"start":{"line":196,"column":20},"end":{"line":196,"column":118}},"78":{"start":{"line":197,"column":8},"end":{"line":197,"column":39}},"79":{"start":{"line":200,"column":20},"end":{"line":200,"column":129}},"80":{"start":{"line":201,"column":8},"end":{"line":201,"column":39}},"81":{"start":{"line":204,"column":20},"end":{"line":204,"column":92}},"82":{"start":{"line":205,"column":8},"end":{"line":205,"column":39}},"83":{"start":{"line":208,"column":20},"end":{"line":208,"column":104}},"84":{"start":{"line":209,"column":8},"end":{"line":209,"column":39}},"85":{"start":{"line":212,"column":20},"end":{"line":212,"column":118}},"86":{"start":{"line":213,"column":8},"end":{"line":213,"column":39}},"87":{"start":{"line":216,"column":20},"end":{"line":216,"column":116}},"88":{"start":{"line":217,"column":8},"end":{"line":217,"column":39}},"89":{"start":{"line":220,"column":20},"end":{"line":220,"column":109}},"90":{"start":{"line":221,"column":8},"end":{"line":221,"column":39}},"91":{"start":{"line":224,"column":20},"end":{"line":224,"column":98}},"92":{"start":{"line":225,"column":8},"end":{"line":225,"column":39}},"93":{"start":{"line":228,"column":20},"end":{"line":228,"column":123}},"94":{"start":{"line":229,"column":8},"end":{"line":229,"column":39}},"95":{"start":{"line":232,"column":20},"end":{"line":232,"column":140}},"96":{"start":{"line":233,"column":8},"end":{"line":233,"column":39}},"97":{"start":{"line":238,"column":20},"end":{"line":238,"column":151}},"98":{"start":{"line":239,"column":8},"end":{"line":239,"column":39}},"99":{"start":{"line":242,"column":20},"end":{"line":242,"column":138}},"100":{"start":{"line":243,"column":8},"end":{"line":243,"column":39}},"101":{"start":{"line":246,"column":20},"end":{"line":246,"column":134}},"102":{"start":{"line":247,"column":8},"end":{"line":247,"column":39}},"103":{"start":{"line":250,"column":20},"end":{"line":252,"column":10}},"104":{"start":{"line":253,"column":8},"end":{"line":253,"column":39}},"105":{"start":{"line":256,"column":20},"end":{"line":256,"column":114}},"106":{"start":{"line":257,"column":8},"end":{"line":257,"column":39}},"107":{"start":{"line":260,"column":20},"end":{"line":260,"column":111}},"108":{"start":{"line":261,"column":8},"end":{"line":261,"column":39}},"109":{"start":{"line":264,"column":20},"end":{"line":271,"column":10}},"110":{"start":{"line":272,"column":8},"end":{"line":272,"column":39}},"111":{"start":{"line":275,"column":20},"end":{"line":275,"column":107}},"112":{"start":{"line":276,"column":8},"end":{"line":276,"column":39}},"113":{"start":{"line":279,"column":20},"end":{"line":279,"column":127}},"114":{"start":{"line":280,"column":8},"end":{"line":280,"column":39}},"115":{"start":{"line":283,"column":0},"end":{"line":283,"column":25}},"116":{"start":{"line":286,"column":8},"end":{"line":286,"column":41}},"117":{"start":{"line":289,"column":8},"end":{"line":293,"column":11}},"118":{"start":{"line":296,"column":8},"end":{"line":296,"column":95}},"119":{"start":{"line":299,"column":8},"end":{"line":303,"column":11}},"120":{"start":{"line":306,"column":8},"end":{"line":309,"column":11}},"121":{"start":{"line":312,"column":8},"end":{"line":316,"column":11}},"122":{"start":{"line":319,"column":0},"end":{"line":319,"column":22}}},"fnMap":{"0":{"name":"(anonymous_0)","decl":{"start":{"line":9,"column":4},"end":{"line":9,"column":5}},"loc":{"start":{"line":9,"column":24},"end":{"line":18,"column":5}},"line":9},"1":{"name":"(anonymous_1)","decl":{"start":{"line":19,"column":4},"end":{"line":19,"column":5}},"loc":{"start":{"line":19,"column":33},"end":{"line":21,"column":5}},"line":19},"2":{"name":"(anonymous_2)","decl":{"start":{"line":22,"column":4},"end":{"line":22,"column":5}},"loc":{"start":{"line":22,"column":28},"end":{"line":30,"column":5}},"line":22},"3":{"name":"(anonymous_3)","decl":{"start":{"line":31,"column":4},"end":{"line":31,"column":5}},"loc":{"start":{"line":31,"column":32},"end":{"line":39,"column":5}},"line":31},"4":{"name":"(anonymous_4)","decl":{"start":{"line":40,"column":4},"end":{"line":40,"column":5}},"loc":{"start":{"line":40,"column":60},"end":{"line":46,"column":5}},"line":40},"5":{"name":"(anonymous_5)","decl":{"start":{"line":47,"column":4},"end":{"line":47,"column":5}},"loc":{"start":{"line":47,"column":69},"end":{"line":53,"column":5}},"line":47},"6":{"name":"(anonymous_6)","decl":{"start":{"line":54,"column":4},"end":{"line":54,"column":5}},"loc":{"start":{"line":54,"column":64},"end":{"line":60,"column":5}},"line":54},"7":{"name":"(anonymous_7)","decl":{"start":{"line":61,"column":4},"end":{"line":61,"column":5}},"loc":{"start":{"line":61,"column":87},"end":{"line":69,"column":5}},"line":61},"8":{"name":"(anonymous_8)","decl":{"start":{"line":70,"column":4},"end":{"line":70,"column":5}},"loc":{"start":{"line":70,"column":60},"end":{"line":75,"column":5}},"line":70},"9":{"name":"(anonymous_9)","decl":{"start":{"line":76,"column":4},"end":{"line":76,"column":5}},"loc":{"start":{"line":76,"column":29},"end":{"line":79,"column":5}},"line":76},"10":{"name":"(anonymous_10)","decl":{"start":{"line":80,"column":4},"end":{"line":80,"column":5}},"loc":{"start":{"line":80,"column":57},"end":{"line":83,"column":5}},"line":80},"11":{"name":"(anonymous_11)","decl":{"start":{"line":84,"column":4},"end":{"line":84,"column":5}},"loc":{"start":{"line":84,"column":49},"end":{"line":86,"column":5}},"line":84},"12":{"name":"(anonymous_12)","decl":{"start":{"line":87,"column":4},"end":{"line":87,"column":5}},"loc":{"start":{"line":87,"column":47},"end":{"line":89,"column":5}},"line":87},"13":{"name":"(anonymous_13)","decl":{"start":{"line":90,"column":4},"end":{"line":90,"column":5}},"loc":{"start":{"line":90,"column":45},"end":{"line":100,"column":5}},"line":90},"14":{"name":"(anonymous_14)","decl":{"start":{"line":101,"column":4},"end":{"line":101,"column":5}},"loc":{"start":{"line":101,"column":37},"end":{"line":103,"column":5}},"line":101},"15":{"name":"(anonymous_15)","decl":{"start":{"line":104,"column":4},"end":{"line":104,"column":5}},"loc":{"start":{"line":104,"column":35},"end":{"line":106,"column":5}},"line":104},"16":{"name":"(anonymous_16)","decl":{"start":{"line":107,"column":4},"end":{"line":107,"column":5}},"loc":{"start":{"line":107,"column":40},"end":{"line":110,"column":5}},"line":107},"17":{"name":"(anonymous_17)","decl":{"start":{"line":111,"column":4},"end":{"line":111,"column":5}},"loc":{"start":{"line":111,"column":38},"end":{"line":114,"column":5}},"line":111},"18":{"name":"(anonymous_18)","decl":{"start":{"line":115,"column":4},"end":{"line":115,"column":5}},"loc":{"start":{"line":115,"column":35},"end":{"line":118,"column":5}},"line":115},"19":{"name":"(anonymous_19)","decl":{"start":{"line":119,"column":4},"end":{"line":119,"column":5}},"loc":{"start":{"line":119,"column":39},"end":{"line":121,"column":5}},"line":119},"20":{"name":"(anonymous_20)","decl":{"start":{"line":122,"column":4},"end":{"line":122,"column":5}},"loc":{"start":{"line":122,"column":32},"end":{"line":124,"column":5}},"line":122},"21":{"name":"(anonymous_21)","decl":{"start":{"line":125,"column":4},"end":{"line":125,"column":5}},"loc":{"start":{"line":125,"column":30},"end":{"line":127,"column":5}},"line":125},"22":{"name":"(anonymous_22)","decl":{"start":{"line":128,"column":4},"end":{"line":128,"column":5}},"loc":{"start":{"line":128,"column":28},"end":{"line":130,"column":5}},"line":128},"23":{"name":"(anonymous_23)","decl":{"start":{"line":131,"column":4},"end":{"line":131,"column":5}},"loc":{"start":{"line":131,"column":34},"end":{"line":134,"column":5}},"line":131},"24":{"name":"(anonymous_24)","decl":{"start":{"line":135,"column":4},"end":{"line":135,"column":5}},"loc":{"start":{"line":135,"column":35},"end":{"line":138,"column":5}},"line":135},"25":{"name":"(anonymous_25)","decl":{"start":{"line":139,"column":4},"end":{"line":139,"column":5}},"loc":{"start":{"line":139,"column":37},"end":{"line":141,"column":5}},"line":139},"26":{"name":"(anonymous_26)","decl":{"start":{"line":142,"column":4},"end":{"line":142,"column":5}},"loc":{"start":{"line":142,"column":38},"end":{"line":145,"column":5}},"line":142},"27":{"name":"(anonymous_27)","decl":{"start":{"line":146,"column":4},"end":{"line":146,"column":5}},"loc":{"start":{"line":146,"column":49},"end":{"line":148,"column":5}},"line":146},"28":{"name":"(anonymous_28)","decl":{"start":{"line":149,"column":4},"end":{"line":149,"column":5}},"loc":{"start":{"line":149,"column":41},"end":{"line":151,"column":5}},"line":149},"29":{"name":"(anonymous_29)","decl":{"start":{"line":152,"column":4},"end":{"line":152,"column":5}},"loc":{"start":{"line":152,"column":59},"end":{"line":157,"column":5}},"line":152},"30":{"name":"(anonymous_30)","decl":{"start":{"line":158,"column":4},"end":{"line":158,"column":5}},"loc":{"start":{"line":158,"column":52},"end":{"line":162,"column":5}},"line":158},"31":{"name":"(anonymous_31)","decl":{"start":{"line":163,"column":4},"end":{"line":163,"column":5}},"loc":{"start":{"line":163,"column":39},"end":{"line":165,"column":5}},"line":163},"32":{"name":"(anonymous_32)","decl":{"start":{"line":166,"column":4},"end":{"line":166,"column":5}},"loc":{"start":{"line":166,"column":58},"end":{"line":168,"column":5}},"line":166},"33":{"name":"(anonymous_33)","decl":{"start":{"line":169,"column":4},"end":{"line":169,"column":5}},"loc":{"start":{"line":169,"column":28},"end":{"line":172,"column":5}},"line":169},"34":{"name":"(anonymous_34)","decl":{"start":{"line":173,"column":4},"end":{"line":173,"column":5}},"loc":{"start":{"line":173,"column":41},"end":{"line":175,"column":5}},"line":173},"35":{"name":"(anonymous_35)","decl":{"start":{"line":176,"column":4},"end":{"line":176,"column":5}},"loc":{"start":{"line":176,"column":33},"end":{"line":179,"column":5}},"line":176},"36":{"name":"(anonymous_36)","decl":{"start":{"line":180,"column":4},"end":{"line":180,"column":5}},"loc":{"start":{"line":180,"column":34},"end":{"line":182,"column":5}},"line":180},"37":{"name":"(anonymous_37)","decl":{"start":{"line":183,"column":4},"end":{"line":183,"column":5}},"loc":{"start":{"line":183,"column":31},"end":{"line":186,"column":5}},"line":183},"38":{"name":"(anonymous_38)","decl":{"start":{"line":187,"column":4},"end":{"line":187,"column":5}},"loc":{"start":{"line":187,"column":45},"end":{"line":190,"column":5}},"line":187},"39":{"name":"(anonymous_39)","decl":{"start":{"line":191,"column":4},"end":{"line":191,"column":5}},"loc":{"start":{"line":191,"column":44},"end":{"line":194,"column":5}},"line":191},"40":{"name":"(anonymous_40)","decl":{"start":{"line":195,"column":4},"end":{"line":195,"column":5}},"loc":{"start":{"line":195,"column":49},"end":{"line":198,"column":5}},"line":195},"41":{"name":"(anonymous_41)","decl":{"start":{"line":199,"column":4},"end":{"line":199,"column":5}},"loc":{"start":{"line":199,"column":43},"end":{"line":202,"column":5}},"line":199},"42":{"name":"(anonymous_42)","decl":{"start":{"line":203,"column":4},"end":{"line":203,"column":5}},"loc":{"start":{"line":203,"column":48},"end":{"line":206,"column":5}},"line":203},"43":{"name":"(anonymous_43)","decl":{"start":{"line":207,"column":4},"end":{"line":207,"column":5}},"loc":{"start":{"line":207,"column":45},"end":{"line":210,"column":5}},"line":207},"44":{"name":"(anonymous_44)","decl":{"start":{"line":211,"column":4},"end":{"line":211,"column":5}},"loc":{"start":{"line":211,"column":49},"end":{"line":214,"column":5}},"line":211},"45":{"name":"(anonymous_45)","decl":{"start":{"line":215,"column":4},"end":{"line":215,"column":5}},"loc":{"start":{"line":215,"column":45},"end":{"line":218,"column":5}},"line":215},"46":{"name":"(anonymous_46)","decl":{"start":{"line":219,"column":4},"end":{"line":219,"column":5}},"loc":{"start":{"line":219,"column":37},"end":{"line":222,"column":5}},"line":219},"47":{"name":"(anonymous_47)","decl":{"start":{"line":223,"column":4},"end":{"line":223,"column":5}},"loc":{"start":{"line":223,"column":34},"end":{"line":226,"column":5}},"line":223},"48":{"name":"(anonymous_48)","decl":{"start":{"line":227,"column":4},"end":{"line":227,"column":5}},"loc":{"start":{"line":227,"column":50},"end":{"line":230,"column":5}},"line":227},"49":{"name":"(anonymous_49)","decl":{"start":{"line":231,"column":4},"end":{"line":231,"column":5}},"loc":{"start":{"line":231,"column":57},"end":{"line":234,"column":5}},"line":231},"50":{"name":"(anonymous_50)","decl":{"start":{"line":235,"column":4},"end":{"line":235,"column":5}},"loc":{"start":{"line":237,"column":16},"end":{"line":240,"column":5}},"line":237},"51":{"name":"(anonymous_51)","decl":{"start":{"line":241,"column":4},"end":{"line":241,"column":5}},"loc":{"start":{"line":241,"column":55},"end":{"line":244,"column":5}},"line":241},"52":{"name":"(anonymous_52)","decl":{"start":{"line":245,"column":4},"end":{"line":245,"column":5}},"loc":{"start":{"line":245,"column":51},"end":{"line":248,"column":5}},"line":245},"53":{"name":"(anonymous_53)","decl":{"start":{"line":249,"column":4},"end":{"line":249,"column":5}},"loc":{"start":{"line":249,"column":68},"end":{"line":254,"column":5}},"line":249},"54":{"name":"(anonymous_54)","decl":{"start":{"line":255,"column":4},"end":{"line":255,"column":5}},"loc":{"start":{"line":255,"column":47},"end":{"line":258,"column":5}},"line":255},"55":{"name":"(anonymous_55)","decl":{"start":{"line":259,"column":4},"end":{"line":259,"column":5}},"loc":{"start":{"line":259,"column":44},"end":{"line":262,"column":5}},"line":259},"56":{"name":"(anonymous_56)","decl":{"start":{"line":263,"column":4},"end":{"line":263,"column":5}},"loc":{"start":{"line":263,"column":104},"end":{"line":273,"column":5}},"line":263},"57":{"name":"(anonymous_57)","decl":{"start":{"line":274,"column":4},"end":{"line":274,"column":5}},"loc":{"start":{"line":274,"column":43},"end":{"line":277,"column":5}},"line":274},"58":{"name":"(anonymous_58)","decl":{"start":{"line":278,"column":4},"end":{"line":278,"column":5}},"loc":{"start":{"line":278,"column":60},"end":{"line":281,"column":5}},"line":278},"59":{"name":"(anonymous_59)","decl":{"start":{"line":285,"column":4},"end":{"line":285,"column":5}},"loc":{"start":{"line":285,"column":18},"end":{"line":287,"column":5}},"line":285},"60":{"name":"(anonymous_60)","decl":{"start":{"line":288,"column":4},"end":{"line":288,"column":5}},"loc":{"start":{"line":288,"column":47},"end":{"line":294,"column":5}},"line":288},"61":{"name":"(anonymous_61)","decl":{"start":{"line":295,"column":4},"end":{"line":295,"column":5}},"loc":{"start":{"line":295,"column":36},"end":{"line":297,"column":5}},"line":295},"62":{"name":"(anonymous_62)","decl":{"start":{"line":298,"column":4},"end":{"line":298,"column":5}},"loc":{"start":{"line":298,"column":50},"end":{"line":304,"column":5}},"line":298},"63":{"name":"(anonymous_63)","decl":{"start":{"line":305,"column":4},"end":{"line":305,"column":5}},"loc":{"start":{"line":305,"column":54},"end":{"line":310,"column":5}},"line":305},"64":{"name":"(anonymous_64)","decl":{"start":{"line":311,"column":4},"end":{"line":311,"column":5}},"loc":{"start":{"line":311,"column":73},"end":{"line":317,"column":5}},"line":311}},"branchMap":{"0":{"loc":{"start":{"line":11,"column":8},"end":{"line":13,"column":9}},"type":"if","locations":[{"start":{"line":11,"column":8},"end":{"line":13,"column":9}},{"start":{"line":11,"column":8},"end":{"line":13,"column":9}}],"line":11},"1":{"loc":{"start":{"line":24,"column":8},"end":{"line":26,"column":9}},"type":"if","locations":[{"start":{"line":24,"column":8},"end":{"line":26,"column":9}},{"start":{"line":24,"column":8},"end":{"line":26,"column":9}}],"line":24},"2":{"loc":{"start":{"line":34,"column":8},"end":{"line":37,"column":9}},"type":"if","locations":[{"start":{"line":34,"column":8},"end":{"line":37,"column":9}},{"start":{"line":34,"column":8},"end":{"line":37,"column":9}}],"line":34},"3":{"loc":{"start":{"line":40,"column":30},"end":{"line":40,"column":58}},"type":"default-arg","locations":[{"start":{"line":40,"column":53},"end":{"line":40,"column":58}}],"line":40},"4":{"loc":{"start":{"line":47,"column":39},"end":{"line":47,"column":67}},"type":"default-arg","locations":[{"start":{"line":47,"column":62},"end":{"line":47,"column":67}}],"line":47},"5":{"loc":{"start":{"line":54,"column":34},"end":{"line":54,"column":62}},"type":"default-arg","locations":[{"start":{"line":54,"column":57},"end":{"line":54,"column":62}}],"line":54},"6":{"loc":{"start":{"line":61,"column":57},"end":{"line":61,"column":85}},"type":"default-arg","locations":[{"start":{"line":61,"column":80},"end":{"line":61,"column":85}}],"line":61},"7":{"loc":{"start":{"line":70,"column":30},"end":{"line":70,"column":58}},"type":"default-arg","locations":[{"start":{"line":70,"column":53},"end":{"line":70,"column":58}}],"line":70},"8":{"loc":{"start":{"line":94,"column":117},"end":{"line":94,"column":141}},"type":"cond-expr","locations":[{"start":{"line":94,"column":125},"end":{"line":94,"column":134}},{"start":{"line":94,"column":137},"end":{"line":94,"column":141}}],"line":94}},"s":{"0":1,"1":1,"2":1,"3":1,"4":1,"5":1,"6":2,"7":2,"8":1,"9":1,"10":1,"11":1,"12":6,"13":6,"14":1,"15":6,"16":6,"17":21,"18":21,"19":21,"20":7,"21":21,"22":3,"23":1,"24":1,"25":1,"26":1,"27":1,"28":1,"29":2,"30":2,"31":1,"32":1,"33":2,"34":2,"35":6,"36":6,"37":6,"38":6,"39":2,"40":1,"41":1,"42":1,"43":1,"44":1,"45":1,"46":1,"47":1,"48":1,"49":2,"50":1,"51":1,"52":1,"53":1,"54":1,"55":1,"56":1,"57":1,"58":1,"59":1,"60":1,"61":1,"62":1,"63":1,"64":2,"65":1,"66":1,"67":1,"68":1,"69":1,"70":1,"71":1,"72":1,"73":1,"74":1,"75":1,"76":1,"77":1,"78":1,"79":1,"80":1,"81":1,"82":1,"83":1,"84":1,"85":1,"86":1,"87":1,"88":1,"89":1,"90":1,"91":1,"92":1,"93":1,"94":1,"95":1,"96":1,"97":1,"98":1,"99":1,"100":1,"101":1,"102":1,"103":1,"104":1,"105":1,"106":1,"107":1,"108":1,"109":1,"110":1,"111":1,"112":1,"113":1,"114":1,"115":1,"116":1,"117":1,"118":1,"119":1,"120":1,"121":1,"122":1},"f":{"0":2,"1":1,"2":6,"3":21,"4":3,"5":1,"6":1,"7":1,"8":1,"9":1,"10":2,"11":1,"12":1,"13":2,"14":1,"15":1,"16":1,"17":1,"18":1,"19":1,"20":2,"21":1,"22":1,"23":1,"24":1,"25":1,"26":1,"27":1,"28":1,"29":1,"30":1,"31":1,"32":2,"33":1,"34":1,"35":1,"36":1,"37":1,"38":1,"39":1,"40":1,"41":1,"42":1,"43":1,"44":1,"45":1,"46":1,"47":1,"48":1,"49":1,"50":1,"51":1,"52":1,"53":1,"54":1,"55":1,"56":1,"57":1,"58":1,"59":1,"60":1,"61":1,"62":1,"63":1,"64":1},"b":{"0":[1,1],"1":[1,5],"2":[7,14],"3":[3],"4":[1],"5":[1],"6":[1],"7":[1],"8":[4,2]},"inputSourceMap":{"version":3,"file":"/Users/somkheart/Documents/lprlinebot/lib/client.ts","sources":["/Users/somkheart/Documents/lprlinebot/lib/client.ts"],"names":[],"mappings":";;;AACA,iCAAgC;AAChC,iCAAiC;AAGjC,mCAA8C;AAM9C,2CAKqB;AAErB,MAAqB,MAAM;IAMzB,YAAY,MAA0B;QAF9B,kBAAa,GAA2B,EAAE,CAAC;QAGjD,IAAI,CAAC,MAAM,CAAC,kBAAkB,EAAE;YAC9B,MAAM,IAAI,KAAK,CAAC,yBAAyB,CAAC,CAAC;SAC5C;QAED,IAAI,CAAC,MAAM,GAAG,MAAM,CAAC;QACrB,IAAI,CAAC,IAAI,GAAG,IAAI,cAAU,iBACxB,cAAc,EAAE;gBACd,aAAa,EAAE,SAAS,GAAG,IAAI,CAAC,MAAM,CAAC,kBAAkB;aAC1D,EACD,cAAc,EAAE,IAAI,CAAC,iBAAiB,CAAC,IAAI,CAAC,IAAI,CAAC,IAC9C,MAAM,CAAC,UAAU,EACpB,CAAC;IACL,CAAC;IACM,oBAAoB,CAAC,MAA8B;QACxD,IAAI,CAAC,aAAa,GAAG,MAAM,CAAC;IAC9B,CAAC;IAEO,qBAAqB;QAC3B,MAAM,MAAM,GAAgC,EAAE,OAAO,EAAE,EAAE,EAAE,CAAC;QAC5D,IAAI,IAAI,CAAC,aAAa,CAAC,QAAQ,EAAE;YAC/B,MAAM,CAAC,OAAO,CAAC,kBAAkB,CAAC,GAAG,IAAI,CAAC,aAAa,CAAC,QAAQ,CAAC;SAClE;QAED,sBAAsB;QACtB,IAAI,CAAC,aAAa,GAAG,EAAE,CAAC;QACxB,OAAO,MAAM,CAAC;IAChB,CAAC;IAEO,iBAAiB,CAAC,QAAuB;QAC/C,MAAM,EAAE,gCAAgC,EAAE,GAAG,KAAK,CAAC;QACnD,IAAI,OAAO,qBACN,QAAQ,CAAC,IAAI,CACjB,CAAC;QACF,IAAI,QAAQ,CAAC,OAAO,CAAC,gCAAgC,CAAC,EAAE;YACtD,OAAO,CAAC,gCAAgC,CAAC;gBACvC,QAAQ,CAAC,OAAO,CAAC,gCAAgC,CAAC,CAAC;SACtD;QACD,OAAO,OAAO,CAAC;IACjB,CAAC;IAEM,WAAW,CAChB,EAAU,EACV,QAAyC,EACzC,uBAAgC,KAAK;QAErC,OAAO,IAAI,CAAC,IAAI,CAAC,IAAI,CACnB,GAAG,gCAAoB,eAAe,EACtC;YACE,QAAQ,EAAE,eAAO,CAAC,QAAQ,CAAC;YAC3B,EAAE;YACF,oBAAoB;SACrB,EACD,IAAI,CAAC,qBAAqB,EAAE,CAC7B,CAAC;IACJ,CAAC;IAEM,YAAY,CACjB,UAAkB,EAClB,QAAyC,EACzC,uBAAgC,KAAK;QAErC,OAAO,IAAI,CAAC,IAAI,CAAC,IAAI,CAAC,GAAG,gCAAoB,gBAAgB,EAAE;YAC7D,QAAQ,EAAE,eAAO,CAAC,QAAQ,CAAC;YAC3B,UAAU;YACV,oBAAoB;SACrB,CAAC,CAAC;IACL,CAAC;IAEM,KAAK,CAAC,SAAS,CACpB,EAAY,EACZ,QAAyC,EACzC,uBAAgC,KAAK;QAErC,OAAO,IAAI,CAAC,IAAI,CAAC,IAAI,CACnB,GAAG,gCAAoB,oBAAoB,EAC3C;YACE,QAAQ,EAAE,eAAO,CAAC,QAAQ,CAAC;YAC3B,EAAE;YACF,oBAAoB;SACrB,EACD,IAAI,CAAC,qBAAqB,EAAE,CAC7B,CAAC;IACJ,CAAC;IAEM,KAAK,CAAC,UAAU,CACrB,QAAyC,EACzC,SAAgC,EAChC,MAAuD,EACvD,KAAuB,EACvB,uBAAgC,KAAK;QAErC,OAAO,IAAI,CAAC,IAAI,CAAC,IAAI,CACnB,GAAG,gCAAoB,qBAAqB,EAC5C;YACE,QAAQ,EAAE,eAAO,CAAC,QAAQ,CAAC;YAC3B,SAAS;YACT,MAAM;YACN,KAAK;YACL,oBAAoB;SACrB,EACD,IAAI,CAAC,qBAAqB,EAAE,CAC7B,CAAC;IACJ,CAAC;IAEM,KAAK,CAAC,SAAS,CACpB,QAAyC,EACzC,uBAAgC,KAAK;QAErC,OAAO,IAAI,CAAC,IAAI,CAAC,IAAI,CACnB,GAAG,gCAAoB,oBAAoB,EAC3C;YACE,QAAQ,EAAE,eAAO,CAAC,QAAQ,CAAC;YAC3B,oBAAoB;SACrB,EACD,IAAI,CAAC,qBAAqB,EAAE,CAC7B,CAAC;IACJ,CAAC;IAEM,KAAK,CAAC,UAAU,CAAC,MAAc;QACpC,MAAM,OAAO,GAAG,MAAM,IAAI,CAAC,IAAI,CAAC,GAAG,CACjC,GAAG,gCAAoB,YAAY,MAAM,EAAE,CAC5C,CAAC;QACF,OAAO,kBAAU,CAAC,OAAO,CAAC,CAAC;IAC7B,CAAC;IAEO,KAAK,CAAC,oBAAoB,CAChC,QAAkB,EAClB,MAAc,EACd,MAAc;QAEd,MAAM,OAAO,GAAG,MAAM,IAAI,CAAC,IAAI,CAAC,GAAG,CACjC,GAAG,gCAAoB,IAAI,QAAQ,IAAI,MAAM,WAAW,MAAM,EAAE,CACjE,CAAC;QACF,OAAO,kBAAU,CAAC,OAAO,CAAC,CAAC;IAC7B,CAAC;IAEM,KAAK,CAAC,qBAAqB,CAChC,OAAe,EACf,MAAc;QAEd,OAAO,IAAI,CAAC,oBAAoB,CAAC,OAAO,EAAE,OAAO,EAAE,MAAM,CAAC,CAAC;IAC7D,CAAC;IAEM,KAAK,CAAC,oBAAoB,CAC/B,MAAc,EACd,MAAc;QAEd,OAAO,IAAI,CAAC,oBAAoB,CAAC,MAAM,EAAE,MAAM,EAAE,MAAM,CAAC,CAAC;IAC3D,CAAC;IAEO,KAAK,CAAC,gBAAgB,CAC5B,QAAkB,EAClB,MAAc;QAEd,IAAI,SAAS,GAAa,EAAE,CAAC;QAE7B,IAAI,KAAa,CAAC;QAClB,GAAG;YACD,MAAM,GAAG,GAAG,MAAM,IAAI,CAAC,IAAI,CAAC,GAAG,CAC7B,GAAG,gCAAoB,IAAI,QAAQ,IAAI,MAAM,cAAc,EAC3D,KAAK,CAAC,CAAC,CAAC,EAAE,KAAK,EAAE,CAAC,CAAC,CAAC,IAAI,CACzB,CAAC;YACF,kBAAU,CAAC,GAAG,CAAC,CAAC;YAChB,SAAS,GAAG,SAAS,CAAC,MAAM,CAAC,GAAG,CAAC,SAAS,CAAC,CAAC;YAC5C,KAAK,GAAG,GAAG,CAAC,IAAI,CAAC;SAClB,QAAQ,KAAK,EAAE;QAEhB,OAAO,SAAS,CAAC;IACnB,CAAC;IAEM,KAAK,CAAC,iBAAiB,CAAC,OAAe;QAC5C,OAAO,IAAI,CAAC,gBAAgB,CAAC,OAAO,EAAE,OAAO,CAAC,CAAC;IACjD,CAAC;IAEM,KAAK,CAAC,gBAAgB,CAAC,MAAc;QAC1C,OAAO,IAAI,CAAC,gBAAgB,CAAC,MAAM,EAAE,MAAM,CAAC,CAAC;IAC/C,CAAC;IAEM,KAAK,CAAC,oBAAoB,CAC/B,OAAe;QAEf,MAAM,gBAAgB,GAAG,MAAM,IAAI,CAAC,IAAI,CAAC,GAAG,CAC1C,GAAG,gCAAoB,UAAU,OAAO,gBAAgB,CACzD,CAAC;QACF,OAAO,kBAAU,CAAC,gBAAgB,CAAC,CAAC;IACtC,CAAC;IAEM,KAAK,CAAC,mBAAmB,CAC9B,MAAc;QAEd,MAAM,eAAe,GAAG,MAAM,IAAI,CAAC,IAAI,CAAC,GAAG,CACzC,GAAG,gCAAoB,SAAS,MAAM,gBAAgB,CACvD,CAAC;QACF,OAAO,kBAAU,CAAC,eAAe,CAAC,CAAC;IACrC,CAAC;IAEM,KAAK,CAAC,eAAe,CAC1B,OAAe;QAEf,MAAM,YAAY,GAAG,MAAM,IAAI,CAAC,IAAI,CAAC,GAAG,CACtC,GAAG,gCAAoB,UAAU,OAAO,UAAU,CACnD,CAAC;QACF,OAAO,kBAAU,CAAC,YAAY,CAAC,CAAC;IAClC,CAAC;IAEM,KAAK,CAAC,iBAAiB,CAAC,SAAiB;QAC9C,OAAO,IAAI,CAAC,IAAI,CAAC,SAAS,CACxB,GAAG,2BAAe,YAAY,SAAS,UAAU,CAClD,CAAC;IACJ,CAAC;IAEO,SAAS,CAAC,QAAkB,EAAE,MAAc;QAClD,OAAO,IAAI,CAAC,IAAI,CAAC,IAAI,CACnB,GAAG,gCAAoB,IAAI,QAAQ,IAAI,MAAM,QAAQ,CACtD,CAAC;IACJ,CAAC;IAEM,KAAK,CAAC,UAAU,CAAC,OAAe;QACrC,OAAO,IAAI,CAAC,SAAS,CAAC,OAAO,EAAE,OAAO,CAAC,CAAC;IAC1C,CAAC;IAEM,KAAK,CAAC,SAAS,CAAC,MAAc;QACnC,OAAO,IAAI,CAAC,SAAS,CAAC,MAAM,EAAE,MAAM,CAAC,CAAC;IACxC,CAAC;IAEM,KAAK,CAAC,WAAW,CACtB,UAAkB;QAElB,MAAM,GAAG,GAAG,MAAM,IAAI,CAAC,IAAI,CAAC,GAAG,CAC7B,GAAG,gCAAoB,aAAa,UAAU,EAAE,CACjD,CAAC;QACF,OAAO,kBAAU,CAAC,GAAG,CAAC,CAAC;IACzB,CAAC;IAEM,KAAK,CAAC,cAAc,CAAC,QAAwB;QAClD,MAAM,GAAG,GAAG,MAAM,IAAI,CAAC,IAAI,CAAC,IAAI,CAC9B,GAAG,gCAAoB,WAAW,EAClC,QAAQ,CACT,CAAC;QACF,OAAO,kBAAU,CAAC,GAAG,CAAC,CAAC,UAAU,CAAC;IACpC,CAAC;IAEM,KAAK,CAAC,cAAc,CAAC,UAAkB;QAC5C,OAAO,IAAI,CAAC,IAAI,CAAC,MAAM,CAAC,GAAG,gCAAoB,aAAa,UAAU,EAAE,CAAC,CAAC;IAC5E,CAAC;IAEM,KAAK,CAAC,mBAAmB,CAAC,MAAc;QAC7C,MAAM,GAAG,GAAG,MAAM,IAAI,CAAC,IAAI,CAAC,GAAG,CAC7B,GAAG,gCAAoB,SAAS,MAAM,WAAW,CAClD,CAAC;QACF,OAAO,kBAAU,CAAC,GAAG,CAAC,CAAC,UAAU,CAAC;IACpC,CAAC;IAEM,KAAK,CAAC,kBAAkB,CAC7B,MAAc,EACd,UAAkB;QAElB,OAAO,IAAI,CAAC,IAAI,CAAC,IAAI,CACnB,GAAG,gCAAoB,SAAS,MAAM,aAAa,UAAU,EAAE,CAChE,CAAC;IACJ,CAAC;IAEM,KAAK,CAAC,sBAAsB,CAAC,MAAc;QAChD,OAAO,IAAI,CAAC,IAAI,CAAC,MAAM,CAAC,GAAG,gCAAoB,SAAS,MAAM,WAAW,CAAC,CAAC;IAC7E,CAAC;IAEM,KAAK,CAAC,2BAA2B,CACtC,UAAkB,EAClB,OAAiB;QAEjB,OAAO,IAAI,CAAC,IAAI,CAAC,IAAI,CAAC,GAAG,gCAAoB,qBAAqB,EAAE;YAClE,UAAU;YACV,OAAO;SACR,CAAC,CAAC;IACL,CAAC;IAEM,KAAK,CAAC,gCAAgC,CAC3C,OAAiB;QAEjB,OAAO,IAAI,CAAC,IAAI,CAAC,IAAI,CAAC,GAAG,gCAAoB,uBAAuB,EAAE;YACpE,OAAO;SACR,CAAC,CAAC;IACL,CAAC;IAEM,KAAK,CAAC,gBAAgB,CAAC,UAAkB;QAC9C,OAAO,IAAI,CAAC,IAAI,CAAC,SAAS,CACxB,GAAG,2BAAe,aAAa,UAAU,UAAU,CACpD,CAAC;IACJ,CAAC;IAEM,KAAK,CAAC,gBAAgB,CAC3B,UAAkB,EAClB,IAAuB,EACvB,WAAoB;QAEpB,OAAO,IAAI,CAAC,IAAI,CAAC,UAAU,CACzB,GAAG,2BAAe,aAAa,UAAU,UAAU,EACnD,IAAI,EACJ,WAAW,CACZ,CAAC;IACJ,CAAC;IAEM,KAAK,CAAC,eAAe;QAC1B,MAAM,GAAG,GAAG,MAAM,IAAI,CAAC,IAAI,CAAC,GAAG,CAC7B,GAAG,gCAAoB,gBAAgB,CACxC,CAAC;QACF,OAAO,kBAAU,CAAC,GAAG,CAAC,CAAC,SAAS,CAAC;IACnC,CAAC;IAEM,KAAK,CAAC,kBAAkB,CAAC,UAAkB;QAChD,OAAO,IAAI,CAAC,IAAI,CAAC,IAAI,CACnB,GAAG,gCAAoB,sBAAsB,UAAU,EAAE,CAC1D,CAAC;IACJ,CAAC;IAEM,KAAK,CAAC,oBAAoB;QAC/B,MAAM,GAAG,GAAG,MAAM,IAAI,CAAC,IAAI,CAAC,GAAG,CAC7B,GAAG,gCAAoB,oBAAoB,CAC5C,CAAC;QACF,OAAO,kBAAU,CAAC,GAAG,CAAC,CAAC,UAAU,CAAC;IACpC,CAAC;IAEM,KAAK,CAAC,qBAAqB;QAChC,OAAO,IAAI,CAAC,IAAI,CAAC,MAAM,CAAC,GAAG,gCAAoB,oBAAoB,CAAC,CAAC;IACvE,CAAC;IAEM,KAAK,CAAC,YAAY,CAAC,MAAc;QACtC,MAAM,GAAG,GAAG,MAAM,IAAI,CAAC,IAAI,CAAC,IAAI,CAC9B,GAAG,gCAAoB,SAAS,MAAM,YAAY,CACnD,CAAC;QACF,OAAO,kBAAU,CAAC,GAAG,CAAC,CAAC,SAAS,CAAC;IACnC,CAAC;IAEM,KAAK,CAAC,4BAA4B,CACvC,IAAY;QAEZ,MAAM,GAAG,GAAG,MAAM,IAAI,CAAC,IAAI,CAAC,GAAG,CAC7B,GAAG,gCAAoB,gCAAgC,IAAI,EAAE,CAC9D,CAAC;QACF,OAAO,kBAAU,CAAC,GAAG,CAAC,CAAC;IACzB,CAAC;IAEM,KAAK,CAAC,2BAA2B,CACtC,IAAY;QAEZ,MAAM,GAAG,GAAG,MAAM,IAAI,CAAC,IAAI,CAAC,GAAG,CAC7B,GAAG,gCAAoB,+BAA+B,IAAI,EAAE,CAC7D,CAAC;QACF,OAAO,kBAAU,CAAC,GAAG,CAAC,CAAC;IACzB,CAAC;IAEM,KAAK,CAAC,gCAAgC,CAC3C,IAAY;QAEZ,MAAM,GAAG,GAAG,MAAM,IAAI,CAAC,IAAI,CAAC,GAAG,CAC7B,GAAG,gCAAoB,oCAAoC,IAAI,EAAE,CAClE,CAAC;QACF,OAAO,kBAAU,CAAC,GAAG,CAAC,CAAC;IACzB,CAAC;IAEM,KAAK,CAAC,qBAAqB,CAChC,SAAiB;QAEjB,MAAM,GAAG,GAAG,MAAM,IAAI,CAAC,IAAI,CAAC,GAAG,CAC7B,GAAG,gCAAoB,0CAA0C,SAAS,EAAE,CAC7E,CAAC;QACF,OAAO,kBAAU,CAAC,GAAG,CAAC,CAAC;IACzB,CAAC;IAEM,KAAK,CAAC,mCAAmC;QAG9C,MAAM,GAAG,GAAG,MAAM,IAAI,CAAC,IAAI,CAAC,GAAG,CAC7B,GAAG,gCAAoB,gBAAgB,CACxC,CAAC;QACF,OAAO,kBAAU,CAAC,GAAG,CAAC,CAAC;IACzB,CAAC;IAEM,KAAK,CAAC,gCAAgC;QAG3C,MAAM,GAAG,GAAG,MAAM,IAAI,CAAC,IAAI,CAAC,GAAG,CAC7B,GAAG,gCAAoB,4BAA4B,CACpD,CAAC;QACF,OAAO,kBAAU,CAAC,GAAG,CAAC,CAAC;IACzB,CAAC;IAEM,KAAK,CAAC,gCAAgC,CAC3C,IAAY;QAEZ,MAAM,GAAG,GAAG,MAAM,IAAI,CAAC,IAAI,CAAC,GAAG,CAC7B,GAAG,gCAAoB,oCAAoC,IAAI,EAAE,CAClE,CAAC;QACF,OAAO,kBAAU,CAAC,GAAG,CAAC,CAAC;IACzB,CAAC;IAEM,KAAK,CAAC,4BAA4B,CACvC,IAAY;QAEZ,MAAM,GAAG,GAAG,MAAM,IAAI,CAAC,IAAI,CAAC,GAAG,CAC7B,GAAG,gCAAoB,kCAAkC,IAAI,EAAE,CAChE,CAAC;QACF,OAAO,kBAAU,CAAC,GAAG,CAAC,CAAC;IACzB,CAAC;IAEM,KAAK,CAAC,oBAAoB,CAC/B,IAAY;QAEZ,MAAM,GAAG,GAAG,MAAM,IAAI,CAAC,IAAI,CAAC,GAAG,CAC7B,GAAG,gCAAoB,2BAA2B,IAAI,EAAE,CACzD,CAAC;QACF,OAAO,kBAAU,CAAC,GAAG,CAAC,CAAC;IACzB,CAAC;IAEM,KAAK,CAAC,qBAAqB;QAChC,MAAM,GAAG,GAAG,MAAM,IAAI,CAAC,IAAI,CAAC,GAAG,CAC7B,GAAG,gCAAoB,sBAAsB,CAC9C,CAAC;QACF,OAAO,kBAAU,CAAC,GAAG,CAAC,CAAC;IACzB,CAAC;IAEM,KAAK,CAAC,4BAA4B,CACvC,SAAiB;QAEjB,MAAM,GAAG,GAAG,MAAM,IAAI,CAAC,IAAI,CAAC,GAAG,CAC7B,GAAG,gCAAoB,oCAAoC,SAAS,EAAE,CACvE,CAAC;QACF,OAAO,kBAAU,CAAC,GAAG,CAAC,CAAC;IACzB,CAAC;IAEM,KAAK,CAAC,yBAAyB,CAAC,mBAKtC;QACC,MAAM,GAAG,GAAG,MAAM,IAAI,CAAC,IAAI,CAAC,IAAI,CAK7B,GAAG,gCAAoB,uBAAuB,oBAC5C,mBAAmB,EACtB,CAAC;QACH,OAAO,kBAAU,CAAC,GAAG,CAAC,CAAC;IACzB,CAAC;IAEM,KAAK,CAAC,yBAAyB,CACpC,mBAKC;IACD,0BAA0B;IAC1B,UAAwC;QAExC,MAAM,GAAG,GAAG,MAAM,IAAI,CAAC,IAAI,CAAC,GAAG,CAC7B,GAAG,gCAAoB,uBAAuB,oBAEzC,mBAAmB,GAExB,UAAU,CACX,CAAC;QACF,OAAO,kBAAU,CAAC,GAAG,CAAC,CAAC;IACzB,CAAC;IAEM,KAAK,CAAC,wBAAwB,CAAC,kBAIrC;QACC,MAAM,GAAG,GAAG,MAAM,IAAI,CAAC,IAAI,CAAC,IAAI,CAM9B,GAAG,gCAAoB,sBAAsB,oBAC1C,kBAAkB,EACrB,CAAC;QACH,OAAO,kBAAU,CAAC,GAAG,CAAC,CAAC;IACzB,CAAC;IAEM,KAAK,CAAC,sBAAsB,CAAC,gBAGnC;QACC,MAAM,GAAG,GAAG,MAAM,IAAI,CAAC,IAAI,CAAC,IAAI,CAM9B,GAAG,gCAAoB,oBAAoB,oBACxC,gBAAgB,EACnB,CAAC;QACH,OAAO,kBAAU,CAAC,GAAG,CAAC,CAAC;IACzB,CAAC;IAEM,KAAK,CAAC,2BAA2B,CACtC,WAAmB,EACnB,eAAuB;QAEvB,MAAM,GAAG,GAAG,MAAM,IAAI,CAAC,IAAI,CAAC,GAAG,CAC7B,GAAG,gCAAoB,kBAAkB,eAAe,oBAAoB,EAC5E;YACE,WAAW;SACZ,CACF,CAAC;QACF,OAAO,kBAAU,CAAC,GAAG,CAAC,CAAC;IACzB,CAAC;IAEM,KAAK,CAAC,mBAAmB,CAAC,eAAuB;QACtD,MAAM,GAAG,GAAG,MAAM,IAAI,CAAC,IAAI,CAAC,MAAM,CAChC,GAAG,gCAAoB,kBAAkB,eAAe,EAAE,CAC3D,CAAC;QACF,OAAO,kBAAU,CAAC,GAAG,CAAC,CAAC;IACzB,CAAC;IAEM,KAAK,CAAC,gBAAgB,CAAC,eAAuB;QACnD,MAAM,GAAG,GAAG,MAAM,IAAI,CAAC,IAAI,CAAC,GAAG,CAC7B,GAAG,gCAAoB,kBAAkB,eAAe,EAAE,CAC3D,CAAC;QACF,OAAO,kBAAU,CAAC,GAAG,CAAC,CAAC;IACzB,CAAC;IAEM,KAAK,CAAC,iBAAiB,CAC5B,IAAY,EACZ,WAAoB,EACpB,MAAkC,EAClC,IAAa,EACb,WAA4C,EAC5C,4BAAsC;QAEtC,MAAM,GAAG,GAAG,MAAM,IAAI,CAAC,IAAI,CAAC,GAAG,CAO5B,GAAG,gCAAoB,qBAAqB,EAAE;YAC/C,IAAI;YACJ,WAAW;YACX,MAAM;YACN,IAAI;YACJ,WAAW;YACX,4BAA4B;SAC7B,CAAC,CAAC;QACH,OAAO,kBAAU,CAAC,GAAG,CAAC,CAAC;IACzB,CAAC;IAEM,KAAK,CAAC,8BAA8B;QACzC,MAAM,GAAG,GAAG,MAAM,IAAI,CAAC,IAAI,CAAC,GAAG,CAE5B,GAAG,gCAAoB,+BAA+B,CAAC,CAAC;QAC3D,OAAO,kBAAU,CAAC,GAAG,CAAC,CAAC;IACzB,CAAC;IAEM,KAAK,CAAC,iCAAiC,CAC5C,cAAiD;QAEjD,MAAM,GAAG,GAAG,MAAM,IAAI,CAAC,IAAI,CAAC,GAAG,CAC7B,GAAG,gCAAoB,+BAA+B,EACtD,EAAE,cAAc,EAAE,CACnB,CAAC;QACF,OAAO,kBAAU,CAAC,GAAG,CAAC,CAAC;IACzB,CAAC;CACF;AAhkBD,yBAgkBC;AAED,MAAa,KAAK;IAGhB;QACE,IAAI,CAAC,IAAI,GAAG,IAAI,cAAU,EAAE,CAAC;IAC/B,CAAC;IAEM,gBAAgB,CACrB,SAAiB,EACjB,aAAqB;QAErB,OAAO,IAAI,CAAC,IAAI,CAAC,QAAQ,CAAC,GAAG,6BAAiB,cAAc,EAAE;YAC5D,UAAU,EAAE,oBAAoB;YAChC,SAAS;YACT,aAAa;SACd,CAAC,CAAC;IACL,CAAC;IAEM,iBAAiB,CAAC,YAAoB;QAC3C,OAAO,IAAI,CAAC,IAAI,CAAC,QAAQ,CAAC,GAAG,6BAAiB,SAAS,EAAE,EAAE,YAAY,EAAE,CAAC,CAAC;IAC7E,CAAC;IAEM,2BAA2B,CAChC,gBAAwB;QAExB,OAAO,IAAI,CAAC,IAAI,CAAC,QAAQ,CAAC,GAAG,kCAAsB,QAAQ,EAAE;YAC3D,UAAU,EAAE,oBAAoB;YAChC,qBAAqB,EACnB,wDAAwD;YAC1D,gBAAgB;SACjB,CAAC,CAAC;IACL,CAAC;IAEM,+BAA+B,CACpC,gBAAwB;QAExB,OAAO,IAAI,CAAC,IAAI,CAAC,GAAG,CAAC,GAAG,kCAAsB,aAAa,EAAE;YAC3D,qBAAqB,EACnB,wDAAwD;YAC1D,gBAAgB;SACjB,CAAC,CAAC;IACL,CAAC;IAEM,4BAA4B,CACjC,SAAiB,EACjB,aAAqB,EACrB,YAAoB;QAEpB,OAAO,IAAI,CAAC,IAAI,CAAC,QAAQ,CAAC,GAAG,kCAAsB,SAAS,EAAE;YAC5D,SAAS;YACT,aAAa;YACb,YAAY;SACb,CAAC,CAAC;IACL,CAAC;CACF;AAtDD,sBAsDC","sourcesContent":["import { Readable } from \"stream\";\nimport HTTPClient from \"./http\";\nimport * as Types from \"./types\";\nimport { AxiosResponse, AxiosRequestConfig } from \"axios\";\n\nimport { ensureJSON, toArray } from \"./utils\";\n\ntype ChatType = \"group\" | \"room\";\ntype RequestOption = {\n  retryKey: string;\n};\nimport {\n  MESSAGING_API_PREFIX,\n  DATA_API_PREFIX,\n  OAUTH_BASE_PREFIX,\n  OAUTH_BASE_PREFIX_V2_1,\n} from \"./endpoints\";\n\nexport default class Client {\n  public config: Types.ClientConfig;\n  private http: HTTPClient;\n\n  private requestOption: Partial<RequestOption> = {};\n\n  constructor(config: Types.ClientConfig) {\n    if (!config.channelAccessToken) {\n      throw new Error(\"no channel access token\");\n    }\n\n    this.config = config;\n    this.http = new HTTPClient({\n      defaultHeaders: {\n        Authorization: \"Bearer \" + this.config.channelAccessToken,\n      },\n      responseParser: this.parseHTTPResponse.bind(this),\n      ...config.httpConfig,\n    });\n  }\n  public setRequestOptionOnce(option: Partial<RequestOption>) {\n    this.requestOption = option;\n  }\n\n  private generateRequestConfig(): Partial<AxiosRequestConfig> {\n    const config: Partial<AxiosRequestConfig> = { headers: {} };\n    if (this.requestOption.retryKey) {\n      config.headers[\"X-Line-Retry-Key\"] = this.requestOption.retryKey;\n    }\n\n    // clear requestOption\n    this.requestOption = {};\n    return config;\n  }\n\n  private parseHTTPResponse(response: AxiosResponse) {\n    const { LINE_REQUEST_ID_HTTP_HEADER_NAME } = Types;\n    let resBody = {\n      ...response.data,\n    };\n    if (response.headers[LINE_REQUEST_ID_HTTP_HEADER_NAME]) {\n      resBody[LINE_REQUEST_ID_HTTP_HEADER_NAME] =\n        response.headers[LINE_REQUEST_ID_HTTP_HEADER_NAME];\n    }\n    return resBody;\n  }\n\n  public pushMessage(\n    to: string,\n    messages: Types.Message | Types.Message[],\n    notificationDisabled: boolean = false,\n  ): Promise<Types.MessageAPIResponseBase> {\n    return this.http.post(\n      `${MESSAGING_API_PREFIX}/message/push`,\n      {\n        messages: toArray(messages),\n        to,\n        notificationDisabled,\n      },\n      this.generateRequestConfig(),\n    );\n  }\n\n  public replyMessage(\n    replyToken: string,\n    messages: Types.Message | Types.Message[],\n    notificationDisabled: boolean = false,\n  ): Promise<Types.MessageAPIResponseBase> {\n    return this.http.post(`${MESSAGING_API_PREFIX}/message/reply`, {\n      messages: toArray(messages),\n      replyToken,\n      notificationDisabled,\n    });\n  }\n\n  public async multicast(\n    to: string[],\n    messages: Types.Message | Types.Message[],\n    notificationDisabled: boolean = false,\n  ): Promise<Types.MessageAPIResponseBase> {\n    return this.http.post(\n      `${MESSAGING_API_PREFIX}/message/multicast`,\n      {\n        messages: toArray(messages),\n        to,\n        notificationDisabled,\n      },\n      this.generateRequestConfig(),\n    );\n  }\n\n  public async narrowcast(\n    messages: Types.Message | Types.Message[],\n    recipient?: Types.ReceieptObject,\n    filter?: { demographic: Types.DemographicFilterObject },\n    limit?: { max: number },\n    notificationDisabled: boolean = false,\n  ): Promise<Types.MessageAPIResponseBase> {\n    return this.http.post(\n      `${MESSAGING_API_PREFIX}/message/narrowcast`,\n      {\n        messages: toArray(messages),\n        recipient,\n        filter,\n        limit,\n        notificationDisabled,\n      },\n      this.generateRequestConfig(),\n    );\n  }\n\n  public async broadcast(\n    messages: Types.Message | Types.Message[],\n    notificationDisabled: boolean = false,\n  ): Promise<Types.MessageAPIResponseBase> {\n    return this.http.post(\n      `${MESSAGING_API_PREFIX}/message/broadcast`,\n      {\n        messages: toArray(messages),\n        notificationDisabled,\n      },\n      this.generateRequestConfig(),\n    );\n  }\n\n  public async getProfile(userId: string): Promise<Types.Profile> {\n    const profile = await this.http.get<Types.Profile>(\n      `${MESSAGING_API_PREFIX}/profile/${userId}`,\n    );\n    return ensureJSON(profile);\n  }\n\n  private async getChatMemberProfile(\n    chatType: ChatType,\n    chatId: string,\n    userId: string,\n  ): Promise<Types.Profile> {\n    const profile = await this.http.get<Types.Profile>(\n      `${MESSAGING_API_PREFIX}/${chatType}/${chatId}/member/${userId}`,\n    );\n    return ensureJSON(profile);\n  }\n\n  public async getGroupMemberProfile(\n    groupId: string,\n    userId: string,\n  ): Promise<Types.Profile> {\n    return this.getChatMemberProfile(\"group\", groupId, userId);\n  }\n\n  public async getRoomMemberProfile(\n    roomId: string,\n    userId: string,\n  ): Promise<Types.Profile> {\n    return this.getChatMemberProfile(\"room\", roomId, userId);\n  }\n\n  private async getChatMemberIds(\n    chatType: ChatType,\n    chatId: string,\n  ): Promise<string[]> {\n    let memberIds: string[] = [];\n\n    let start: string;\n    do {\n      const res = await this.http.get<{ memberIds: string[]; next?: string }>(\n        `${MESSAGING_API_PREFIX}/${chatType}/${chatId}/members/ids`,\n        start ? { start } : null,\n      );\n      ensureJSON(res);\n      memberIds = memberIds.concat(res.memberIds);\n      start = res.next;\n    } while (start);\n\n    return memberIds;\n  }\n\n  public async getGroupMemberIds(groupId: string): Promise<string[]> {\n    return this.getChatMemberIds(\"group\", groupId);\n  }\n\n  public async getRoomMemberIds(roomId: string): Promise<string[]> {\n    return this.getChatMemberIds(\"room\", roomId);\n  }\n\n  public async getGroupMembersCount(\n    groupId: string,\n  ): Promise<Types.MembersCountResponse> {\n    const groupMemberCount = await this.http.get<Types.MembersCountResponse>(\n      `${MESSAGING_API_PREFIX}/group/${groupId}/members/count`,\n    );\n    return ensureJSON(groupMemberCount);\n  }\n\n  public async getRoomMembersCount(\n    roomId: string,\n  ): Promise<Types.MembersCountResponse> {\n    const roomMemberCount = await this.http.get<Types.MembersCountResponse>(\n      `${MESSAGING_API_PREFIX}/room/${roomId}/members/count`,\n    );\n    return ensureJSON(roomMemberCount);\n  }\n\n  public async getGroupSummary(\n    groupId: string,\n  ): Promise<Types.GroupSummaryResponse> {\n    const groupSummary = await this.http.get<Types.GroupSummaryResponse>(\n      `${MESSAGING_API_PREFIX}/group/${groupId}/summary`,\n    );\n    return ensureJSON(groupSummary);\n  }\n\n  public async getMessageContent(messageId: string): Promise<Readable> {\n    return this.http.getStream(\n      `${DATA_API_PREFIX}/message/${messageId}/content`,\n    );\n  }\n\n  private leaveChat(chatType: ChatType, chatId: string): Promise<any> {\n    return this.http.post(\n      `${MESSAGING_API_PREFIX}/${chatType}/${chatId}/leave`,\n    );\n  }\n\n  public async leaveGroup(groupId: string): Promise<any> {\n    return this.leaveChat(\"group\", groupId);\n  }\n\n  public async leaveRoom(roomId: string): Promise<any> {\n    return this.leaveChat(\"room\", roomId);\n  }\n\n  public async getRichMenu(\n    richMenuId: string,\n  ): Promise<Types.RichMenuResponse> {\n    const res = await this.http.get<Types.RichMenuResponse>(\n      `${MESSAGING_API_PREFIX}/richmenu/${richMenuId}`,\n    );\n    return ensureJSON(res);\n  }\n\n  public async createRichMenu(richMenu: Types.RichMenu): Promise<string> {\n    const res = await this.http.post<any>(\n      `${MESSAGING_API_PREFIX}/richmenu`,\n      richMenu,\n    );\n    return ensureJSON(res).richMenuId;\n  }\n\n  public async deleteRichMenu(richMenuId: string): Promise<any> {\n    return this.http.delete(`${MESSAGING_API_PREFIX}/richmenu/${richMenuId}`);\n  }\n\n  public async getRichMenuIdOfUser(userId: string): Promise<string> {\n    const res = await this.http.get<any>(\n      `${MESSAGING_API_PREFIX}/user/${userId}/richmenu`,\n    );\n    return ensureJSON(res).richMenuId;\n  }\n\n  public async linkRichMenuToUser(\n    userId: string,\n    richMenuId: string,\n  ): Promise<any> {\n    return this.http.post(\n      `${MESSAGING_API_PREFIX}/user/${userId}/richmenu/${richMenuId}`,\n    );\n  }\n\n  public async unlinkRichMenuFromUser(userId: string): Promise<any> {\n    return this.http.delete(`${MESSAGING_API_PREFIX}/user/${userId}/richmenu`);\n  }\n\n  public async linkRichMenuToMultipleUsers(\n    richMenuId: string,\n    userIds: string[],\n  ): Promise<any> {\n    return this.http.post(`${MESSAGING_API_PREFIX}/richmenu/bulk/link`, {\n      richMenuId,\n      userIds,\n    });\n  }\n\n  public async unlinkRichMenusFromMultipleUsers(\n    userIds: string[],\n  ): Promise<any> {\n    return this.http.post(`${MESSAGING_API_PREFIX}/richmenu/bulk/unlink`, {\n      userIds,\n    });\n  }\n\n  public async getRichMenuImage(richMenuId: string): Promise<Readable> {\n    return this.http.getStream(\n      `${DATA_API_PREFIX}/richmenu/${richMenuId}/content`,\n    );\n  }\n\n  public async setRichMenuImage(\n    richMenuId: string,\n    data: Buffer | Readable,\n    contentType?: string,\n  ): Promise<any> {\n    return this.http.postBinary(\n      `${DATA_API_PREFIX}/richmenu/${richMenuId}/content`,\n      data,\n      contentType,\n    );\n  }\n\n  public async getRichMenuList(): Promise<Array<Types.RichMenuResponse>> {\n    const res = await this.http.get<any>(\n      `${MESSAGING_API_PREFIX}/richmenu/list`,\n    );\n    return ensureJSON(res).richmenus;\n  }\n\n  public async setDefaultRichMenu(richMenuId: string): Promise<{}> {\n    return this.http.post(\n      `${MESSAGING_API_PREFIX}/user/all/richmenu/${richMenuId}`,\n    );\n  }\n\n  public async getDefaultRichMenuId(): Promise<string> {\n    const res = await this.http.get<any>(\n      `${MESSAGING_API_PREFIX}/user/all/richmenu`,\n    );\n    return ensureJSON(res).richMenuId;\n  }\n\n  public async deleteDefaultRichMenu(): Promise<{}> {\n    return this.http.delete(`${MESSAGING_API_PREFIX}/user/all/richmenu`);\n  }\n\n  public async getLinkToken(userId: string): Promise<string> {\n    const res = await this.http.post<any>(\n      `${MESSAGING_API_PREFIX}/user/${userId}/linkToken`,\n    );\n    return ensureJSON(res).linkToken;\n  }\n\n  public async getNumberOfSentReplyMessages(\n    date: string,\n  ): Promise<Types.NumberOfMessagesSentResponse> {\n    const res = await this.http.get<Types.NumberOfMessagesSentResponse>(\n      `${MESSAGING_API_PREFIX}/message/delivery/reply?date=${date}`,\n    );\n    return ensureJSON(res);\n  }\n\n  public async getNumberOfSentPushMessages(\n    date: string,\n  ): Promise<Types.NumberOfMessagesSentResponse> {\n    const res = await this.http.get<Types.NumberOfMessagesSentResponse>(\n      `${MESSAGING_API_PREFIX}/message/delivery/push?date=${date}`,\n    );\n    return ensureJSON(res);\n  }\n\n  public async getNumberOfSentMulticastMessages(\n    date: string,\n  ): Promise<Types.NumberOfMessagesSentResponse> {\n    const res = await this.http.get<Types.NumberOfMessagesSentResponse>(\n      `${MESSAGING_API_PREFIX}/message/delivery/multicast?date=${date}`,\n    );\n    return ensureJSON(res);\n  }\n\n  public async getNarrowcastProgress(\n    requestId: string,\n  ): Promise<Types.NarrowcastProgressResponse> {\n    const res = await this.http.get<Types.NarrowcastProgressResponse>(\n      `${MESSAGING_API_PREFIX}/message/progress/narrowcast?requestId=${requestId}`,\n    );\n    return ensureJSON(res);\n  }\n\n  public async getTargetLimitForAdditionalMessages(): Promise<\n    Types.TargetLimitForAdditionalMessages\n  > {\n    const res = await this.http.get<Types.TargetLimitForAdditionalMessages>(\n      `${MESSAGING_API_PREFIX}/message/quota`,\n    );\n    return ensureJSON(res);\n  }\n\n  public async getNumberOfMessagesSentThisMonth(): Promise<\n    Types.NumberOfMessagesSentThisMonth\n  > {\n    const res = await this.http.get<Types.NumberOfMessagesSentThisMonth>(\n      `${MESSAGING_API_PREFIX}/message/quota/consumption`,\n    );\n    return ensureJSON(res);\n  }\n\n  public async getNumberOfSentBroadcastMessages(\n    date: string,\n  ): Promise<Types.NumberOfMessagesSentResponse> {\n    const res = await this.http.get<Types.NumberOfMessagesSentResponse>(\n      `${MESSAGING_API_PREFIX}/message/delivery/broadcast?date=${date}`,\n    );\n    return ensureJSON(res);\n  }\n\n  public async getNumberOfMessageDeliveries(\n    date: string,\n  ): Promise<Types.NumberOfMessageDeliveriesResponse> {\n    const res = await this.http.get<Types.NumberOfMessageDeliveriesResponse>(\n      `${MESSAGING_API_PREFIX}/insight/message/delivery?date=${date}`,\n    );\n    return ensureJSON(res);\n  }\n\n  public async getNumberOfFollowers(\n    date: string,\n  ): Promise<Types.NumberOfFollowersResponse> {\n    const res = await this.http.get<Types.NumberOfFollowersResponse>(\n      `${MESSAGING_API_PREFIX}/insight/followers?date=${date}`,\n    );\n    return ensureJSON(res);\n  }\n\n  public async getFriendDemographics(): Promise<Types.FriendDemographics> {\n    const res = await this.http.get<Types.FriendDemographics>(\n      `${MESSAGING_API_PREFIX}/insight/demographic`,\n    );\n    return ensureJSON(res);\n  }\n\n  public async getUserInteractionStatistics(\n    requestId: string,\n  ): Promise<Types.UserInteractionStatistics> {\n    const res = await this.http.get<Types.UserInteractionStatistics>(\n      `${MESSAGING_API_PREFIX}/insight/message/event?requestId=${requestId}`,\n    );\n    return ensureJSON(res);\n  }\n\n  public async createUploadAudienceGroup(uploadAudienceGroup: {\n    description: string;\n    isIfaAudience: boolean;\n    audiences: { id: string }[];\n    uploadDescription?: string;\n  }) {\n    const res = await this.http.post<{\n      audienceGroupId: number;\n      type: string;\n      description: string;\n      created: number;\n    }>(`${MESSAGING_API_PREFIX}/audienceGroup/upload`, {\n      ...uploadAudienceGroup,\n    });\n    return ensureJSON(res);\n  }\n\n  public async updateUploadAudienceGroup(\n    uploadAudienceGroup: {\n      audienceGroupId: number;\n      description?: string;\n      uploadDescription?: string;\n      audiences: { id: string }[];\n    },\n    // for set request timeout\n    httpConfig?: Partial<AxiosRequestConfig>,\n  ) {\n    const res = await this.http.put<{}>(\n      `${MESSAGING_API_PREFIX}/audienceGroup/upload`,\n      {\n        ...uploadAudienceGroup,\n      },\n      httpConfig,\n    );\n    return ensureJSON(res);\n  }\n\n  public async createClickAudienceGroup(clickAudienceGroup: {\n    description: string;\n    requestId: string;\n    clickUrl?: string;\n  }) {\n    const res = await this.http.post<\n      {\n        audienceGroupId: number;\n        type: string;\n        created: number;\n      } & typeof clickAudienceGroup\n    >(`${MESSAGING_API_PREFIX}/audienceGroup/click`, {\n      ...clickAudienceGroup,\n    });\n    return ensureJSON(res);\n  }\n\n  public async createImpAudienceGroup(impAudienceGroup: {\n    requestId: string;\n    description: string;\n  }) {\n    const res = await this.http.post<\n      {\n        audienceGroupId: number;\n        type: string;\n        created: number;\n      } & typeof impAudienceGroup\n    >(`${MESSAGING_API_PREFIX}/audienceGroup/imp`, {\n      ...impAudienceGroup,\n    });\n    return ensureJSON(res);\n  }\n\n  public async setDescriptionAudienceGroup(\n    description: string,\n    audienceGroupId: string,\n  ) {\n    const res = await this.http.put<{}>(\n      `${MESSAGING_API_PREFIX}/audienceGroup/${audienceGroupId}/updateDescription`,\n      {\n        description,\n      },\n    );\n    return ensureJSON(res);\n  }\n\n  public async deleteAudienceGroup(audienceGroupId: string) {\n    const res = await this.http.delete<{}>(\n      `${MESSAGING_API_PREFIX}/audienceGroup/${audienceGroupId}`,\n    );\n    return ensureJSON(res);\n  }\n\n  public async getAudienceGroup(audienceGroupId: string) {\n    const res = await this.http.get<Types.AudienceGroup>(\n      `${MESSAGING_API_PREFIX}/audienceGroup/${audienceGroupId}`,\n    );\n    return ensureJSON(res);\n  }\n\n  public async getAudienceGroups(\n    page: number,\n    description?: string,\n    status?: Types.AudienceGroupStatus,\n    size?: number,\n    createRoute?: Types.AudienceGroupCreateRoute,\n    includesExternalPublicGroups?: boolean,\n  ) {\n    const res = await this.http.get<{\n      audienceGroups: Types.AudienceGroups;\n      hasNextPage: boolean;\n      totalCount: number;\n      readWriteAudienceGroupTotalCount: number;\n      page: number;\n      size: number;\n    }>(`${MESSAGING_API_PREFIX}/audienceGroup/list`, {\n      page,\n      description,\n      status,\n      size,\n      createRoute,\n      includesExternalPublicGroups,\n    });\n    return ensureJSON(res);\n  }\n\n  public async getAudienceGroupAuthorityLevel() {\n    const res = await this.http.get<{\n      authorityLevel: Types.AudienceGroupAuthorityLevel;\n    }>(`${MESSAGING_API_PREFIX}/audienceGroup/authorityLevel`);\n    return ensureJSON(res);\n  }\n\n  public async changeAudienceGroupAuthorityLevel(\n    authorityLevel: Types.AudienceGroupAuthorityLevel,\n  ) {\n    const res = await this.http.put<{}>(\n      `${MESSAGING_API_PREFIX}/audienceGroup/authorityLevel`,\n      { authorityLevel },\n    );\n    return ensureJSON(res);\n  }\n}\n\nexport class OAuth {\n  private http: HTTPClient;\n\n  constructor() {\n    this.http = new HTTPClient();\n  }\n\n  public issueAccessToken(\n    client_id: string,\n    client_secret: string,\n  ): Promise<Types.ChannelAccessToken> {\n    return this.http.postForm(`${OAUTH_BASE_PREFIX}/accessToken`, {\n      grant_type: \"client_credentials\",\n      client_id,\n      client_secret,\n    });\n  }\n\n  public revokeAccessToken(access_token: string): Promise<{}> {\n    return this.http.postForm(`${OAUTH_BASE_PREFIX}/revoke`, { access_token });\n  }\n\n  public issueChannelAccessTokenV2_1(\n    client_assertion: string,\n  ): Promise<Types.ChannelAccessToken> {\n    return this.http.postForm(`${OAUTH_BASE_PREFIX_V2_1}/token`, {\n      grant_type: \"client_credentials\",\n      client_assertion_type:\n        \"urn:ietf:params:oauth:client-assertion-type:jwt-bearer\",\n      client_assertion,\n    });\n  }\n\n  public getChannelAccessTokenKeyIdsV2_1(\n    client_assertion: string,\n  ): Promise<{ key_ids: string[] }> {\n    return this.http.get(`${OAUTH_BASE_PREFIX_V2_1}/tokens/kid`, {\n      client_assertion_type:\n        \"urn:ietf:params:oauth:client-assertion-type:jwt-bearer\",\n      client_assertion,\n    });\n  }\n\n  public revokeChannelAccessTokenV2_1(\n    client_id: string,\n    client_secret: string,\n    access_token: string,\n  ): Promise<{}> {\n    return this.http.postForm(`${OAUTH_BASE_PREFIX_V2_1}/revoke`, {\n      client_id,\n      client_secret,\n      access_token,\n    });\n  }\n}\n"]},"_coverageSchema":"1a1c01bbd47fc00a2c39e90264f33305004495a9","hash":"5a7f05441894a7c6c45aa9cf1c0cde71760029b1","contentHash":"f14229a03989d3fd6d3841a0ba07b412ef3f56b4a307600e2843c1db71d8486c"},"/Users/somkheart/Documents/lprlinebot/lib/http.ts":{"path":"/Users/somkheart/Documents/lprlinebot/lib/http.ts","statementMap":{"0":{"start":{"line":2,"column":0},"end":{"line":2,"column":62}},"1":{"start":{"line":3,"column":16},"end":{"line":3,"column":32}},"2":{"start":{"line":4,"column":17},"end":{"line":4,"column":34}},"3":{"start":{"line":5,"column":21},"end":{"line":5,"column":44}},"4":{"start":{"line":6,"column":17},"end":{"line":6,"column":37}},"5":{"start":{"line":7,"column":11},"end":{"line":7,"column":33}},"6":{"start":{"line":8,"column":12},"end":{"line":8,"column":38}},"7":{"start":{"line":11,"column":8},"end":{"line":11,"column":29}},"8":{"start":{"line":12,"column":44},"end":{"line":12,"column":50}},"9":{"start":{"line":13,"column":8},"end":{"line":18,"column":11}},"10":{"start":{"line":19,"column":8},"end":{"line":19,"column":104}},"11":{"start":{"line":19,"column":55},"end":{"line":19,"column":58}},"12":{"start":{"line":19,"column":67},"end":{"line":19,"column":102}},"13":{"start":{"line":22,"column":20},"end":{"line":22,"column":60}},"14":{"start":{"line":23,"column":8},"end":{"line":23,"column":24}},"15":{"start":{"line":26,"column":20},"end":{"line":29,"column":10}},"16":{"start":{"line":30,"column":8},"end":{"line":30,"column":24}},"17":{"start":{"line":33,"column":20},"end":{"line":33,"column":174}},"18":{"start":{"line":34,"column":8},"end":{"line":34,"column":39}},"19":{"start":{"line":37,"column":35},"end":{"line":37,"column":46}},"20":{"start":{"line":38,"column":8},"end":{"line":41,"column":28}},"21":{"start":{"line":39,"column":12},"end":{"line":39,"column":39}},"22":{"start":{"line":41,"column":12},"end":{"line":41,"column":28}},"23":{"start":{"line":44,"column":20},"end":{"line":44,"column":173}},"24":{"start":{"line":45,"column":8},"end":{"line":45,"column":39}},"25":{"start":{"line":48,"column":20},"end":{"line":50,"column":10}},"26":{"start":{"line":51,"column":8},"end":{"line":51,"column":24}},"27":{"start":{"line":54,"column":23},"end":{"line":73,"column":12}},"28":{"start":{"line":55,"column":12},"end":{"line":72,"column":13}},"29":{"start":{"line":56,"column":16},"end":{"line":56,"column":28}},"30":{"start":{"line":58,"column":17},"end":{"line":72,"column":13}},"31":{"start":{"line":59,"column":16},"end":{"line":68,"column":19}},"32":{"start":{"line":60,"column":36},"end":{"line":60,"column":38}},"33":{"start":{"line":61,"column":31},"end":{"line":61,"column":32}},"34":{"start":{"line":62,"column":20},"end":{"line":65,"column":23}},"35":{"start":{"line":63,"column":24},"end":{"line":63,"column":44}},"36":{"start":{"line":64,"column":24},"end":{"line":64,"column":45}},"37":{"start":{"line":66,"column":20},"end":{"line":66,"column":80}},"38":{"start":{"line":66,"column":41},"end":{"line":66,"column":78}},"39":{"start":{"line":67,"column":20},"end":{"line":67,"column":45}},"40":{"start":{"line":71,"column":16},"end":{"line":71,"column":68}},"41":{"start":{"line":74,"column":20},"end":{"line":79,"column":10}},"42":{"start":{"line":80,"column":8},"end":{"line":80,"column":24}},"43":{"start":{"line":83,"column":20},"end":{"line":83,"column":63}},"44":{"start":{"line":84,"column":8},"end":{"line":84,"column":24}},"45":{"start":{"line":87,"column":8},"end":{"line":96,"column":9}},"46":{"start":{"line":88,"column":12},"end":{"line":88,"column":110}},"47":{"start":{"line":90,"column":13},"end":{"line":96,"column":9}},"48":{"start":{"line":91,"column":12},"end":{"line":91,"column":77}},"49":{"start":{"line":93,"column":13},"end":{"line":96,"column":9}},"50":{"start":{"line":95,"column":12},"end":{"line":95,"column":51}},"51":{"start":{"line":98,"column":8},"end":{"line":98,"column":19}},"52":{"start":{"line":101,"column":0},"end":{"line":101,"column":29}}},"fnMap":{"0":{"name":"(anonymous_0)","decl":{"start":{"line":10,"column":4},"end":{"line":10,"column":5}},"loc":{"start":{"line":10,"column":29},"end":{"line":20,"column":5}},"line":10},"1":{"name":"(anonymous_1)","decl":{"start":{"line":19,"column":48},"end":{"line":19,"column":49}},"loc":{"start":{"line":19,"column":55},"end":{"line":19,"column":58}},"line":19},"2":{"name":"(anonymous_2)","decl":{"start":{"line":19,"column":60},"end":{"line":19,"column":61}},"loc":{"start":{"line":19,"column":67},"end":{"line":19,"column":102}},"line":19},"3":{"name":"(anonymous_3)","decl":{"start":{"line":21,"column":4},"end":{"line":21,"column":5}},"loc":{"start":{"line":21,"column":27},"end":{"line":24,"column":5}},"line":21},"4":{"name":"(anonymous_4)","decl":{"start":{"line":25,"column":4},"end":{"line":25,"column":5}},"loc":{"start":{"line":25,"column":33},"end":{"line":31,"column":5}},"line":25},"5":{"name":"(anonymous_5)","decl":{"start":{"line":32,"column":4},"end":{"line":32,"column":5}},"loc":{"start":{"line":32,"column":34},"end":{"line":35,"column":5}},"line":32},"6":{"name":"(anonymous_6)","decl":{"start":{"line":36,"column":4},"end":{"line":36,"column":5}},"loc":{"start":{"line":36,"column":23},"end":{"line":42,"column":5}},"line":36},"7":{"name":"(anonymous_7)","decl":{"start":{"line":43,"column":4},"end":{"line":43,"column":5}},"loc":{"start":{"line":43,"column":33},"end":{"line":46,"column":5}},"line":43},"8":{"name":"(anonymous_8)","decl":{"start":{"line":47,"column":4},"end":{"line":47,"column":5}},"loc":{"start":{"line":47,"column":30},"end":{"line":52,"column":5}},"line":47},"9":{"name":"(anonymous_9)","decl":{"start":{"line":53,"column":4},"end":{"line":53,"column":5}},"loc":{"start":{"line":53,"column":45},"end":{"line":81,"column":5}},"line":53},"10":{"name":"(anonymous_10)","decl":{"start":{"line":54,"column":30},"end":{"line":54,"column":31}},"loc":{"start":{"line":54,"column":42},"end":{"line":73,"column":9}},"line":54},"11":{"name":"(anonymous_11)","decl":{"start":{"line":59,"column":35},"end":{"line":59,"column":36}},"loc":{"start":{"line":59,"column":56},"end":{"line":68,"column":17}},"line":59},"12":{"name":"(anonymous_12)","decl":{"start":{"line":62,"column":36},"end":{"line":62,"column":37}},"loc":{"start":{"line":62,"column":47},"end":{"line":65,"column":21}},"line":62},"13":{"name":"(anonymous_13)","decl":{"start":{"line":66,"column":35},"end":{"line":66,"column":36}},"loc":{"start":{"line":66,"column":41},"end":{"line":66,"column":78}},"line":66},"14":{"name":"(anonymous_14)","decl":{"start":{"line":82,"column":4},"end":{"line":82,"column":5}},"loc":{"start":{"line":82,"column":30},"end":{"line":85,"column":5}},"line":82},"15":{"name":"(anonymous_15)","decl":{"start":{"line":86,"column":4},"end":{"line":86,"column":5}},"loc":{"start":{"line":86,"column":19},"end":{"line":99,"column":5}},"line":86}},"branchMap":{"0":{"loc":{"start":{"line":10,"column":16},"end":{"line":10,"column":27}},"type":"default-arg","locations":[{"start":{"line":10,"column":25},"end":{"line":10,"column":27}}],"line":10},"1":{"loc":{"start":{"line":33,"column":136},"end":{"line":33,"column":160}},"type":"binary-expr","locations":[{"start":{"line":33,"column":136},"end":{"line":33,"column":142}},{"start":{"line":33,"column":146},"end":{"line":33,"column":160}}],"line":33},"2":{"loc":{"start":{"line":38,"column":8},"end":{"line":41,"column":28}},"type":"if","locations":[{"start":{"line":38,"column":8},"end":{"line":41,"column":28}},{"start":{"line":38,"column":8},"end":{"line":41,"column":28}}],"line":38},"3":{"loc":{"start":{"line":44,"column":135},"end":{"line":44,"column":159}},"type":"binary-expr","locations":[{"start":{"line":44,"column":135},"end":{"line":44,"column":141}},{"start":{"line":44,"column":145},"end":{"line":44,"column":159}}],"line":44},"4":{"loc":{"start":{"line":55,"column":12},"end":{"line":72,"column":13}},"type":"if","locations":[{"start":{"line":55,"column":12},"end":{"line":72,"column":13}},{"start":{"line":55,"column":12},"end":{"line":72,"column":13}}],"line":55},"5":{"loc":{"start":{"line":58,"column":17},"end":{"line":72,"column":13}},"type":"if","locations":[{"start":{"line":58,"column":17},"end":{"line":72,"column":13}},{"start":{"line":58,"column":17},"end":{"line":72,"column":13}}],"line":58},"6":{"loc":{"start":{"line":76,"column":32},"end":{"line":76,"column":87}},"type":"binary-expr","locations":[{"start":{"line":76,"column":32},"end":{"line":76,"column":43}},{"start":{"line":76,"column":47},"end":{"line":76,"column":87}}],"line":76},"7":{"loc":{"start":{"line":87,"column":8},"end":{"line":96,"column":9}},"type":"if","locations":[{"start":{"line":87,"column":8},"end":{"line":96,"column":9}},{"start":{"line":87,"column":8},"end":{"line":96,"column":9}}],"line":87},"8":{"loc":{"start":{"line":90,"column":13},"end":{"line":96,"column":9}},"type":"if","locations":[{"start":{"line":90,"column":13},"end":{"line":96,"column":9}},{"start":{"line":90,"column":13},"end":{"line":96,"column":9}}],"line":90},"9":{"loc":{"start":{"line":93,"column":13},"end":{"line":96,"column":9}},"type":"if","locations":[{"start":{"line":93,"column":13},"end":{"line":96,"column":9}},{"start":{"line":93,"column":13},"end":{"line":96,"column":9}}],"line":93}},"s":{"0":1,"1":1,"2":1,"3":1,"4":1,"5":1,"6":1,"7":14,"8":14,"9":14,"10":14,"11":78,"12":8,"13":36,"14":34,"15":3,"16":3,"17":30,"18":24,"19":27,"20":27,"21":21,"22":6,"23":3,"24":3,"25":4,"26":4,"27":5,"28":5,"29":3,"30":2,"31":1,"32":1,"33":1,"34":1,"35":1,"36":1,"37":1,"38":1,"39":1,"40":1,"41":4,"42":4,"43":6,"44":6,"45":8,"46":7,"47":1,"48":1,"49":0,"50":0,"51":0,"52":1},"f":{"0":14,"1":78,"2":8,"3":36,"4":3,"5":30,"6":27,"7":3,"8":4,"9":5,"10":5,"11":1,"12":1,"13":1,"14":6,"15":8},"b":{"0":[2],"1":[30,6],"2":[21,6],"3":[3,0],"4":[3,2],"5":[1,1],"6":[4,3],"7":[7,1],"8":[1,0],"9":[0,0]},"inputSourceMap":{"version":3,"file":"/Users/somkheart/Documents/lprlinebot/lib/http.ts","sources":["/Users/somkheart/Documents/lprlinebot/lib/http.ts"],"names":[],"mappings":";;AAAA,iCAKe;AACf,mCAAkC;AAClC,6CAAkE;AAClE,sCAAsC;AACtC,kCAAkC;AAElC,MAAM,GAAG,GAAG,OAAO,CAAC,iBAAiB,CAAC,CAAC;AAQvC,MAAqB,UAAU;IAI7B,YAAY,SAA2B,EAAE;QACvC,IAAI,CAAC,MAAM,GAAG,MAAM,CAAC;QACrB,MAAM,EAAE,OAAO,EAAE,cAAc,EAAE,GAAG,MAAM,CAAC;QAC3C,IAAI,CAAC,QAAQ,GAAG,eAAK,CAAC,MAAM,CAAC;YAC3B,OAAO;YACP,OAAO,EAAE,MAAM,CAAC,MAAM,CAAC,EAAE,EAAE,cAAc,EAAE;gBACzC,YAAY,EAAE,GAAG,GAAG,CAAC,IAAI,IAAI,GAAG,CAAC,OAAO,EAAE;aAC3C,CAAC;SACH,CAAC,CAAC;QAEH,IAAI,CAAC,QAAQ,CAAC,YAAY,CAAC,QAAQ,CAAC,GAAG,CACrC,GAAG,CAAC,EAAE,CAAC,GAAG,EACV,GAAG,CAAC,EAAE,CAAC,OAAO,CAAC,MAAM,CAAC,IAAI,CAAC,SAAS,CAAC,GAAG,CAAC,CAAC,CAC3C,CAAC;IACJ,CAAC;IAEM,KAAK,CAAC,GAAG,CAAI,GAAW,EAAE,MAAY;QAC3C,MAAM,GAAG,GAAG,MAAM,IAAI,CAAC,QAAQ,CAAC,GAAG,CAAC,GAAG,EAAE,EAAE,MAAM,EAAE,CAAC,CAAC;QACrD,OAAO,GAAG,CAAC,IAAI,CAAC;IAClB,CAAC;IAEM,KAAK,CAAC,SAAS,CAAC,GAAW,EAAE,MAAY;QAC9C,MAAM,GAAG,GAAG,MAAM,IAAI,CAAC,QAAQ,CAAC,GAAG,CAAC,GAAG,EAAE;YACvC,MAAM;YACN,YAAY,EAAE,QAAQ;SACvB,CAAC,CAAC;QACH,OAAO,GAAG,CAAC,IAAgB,CAAC;IAC9B,CAAC;IAEM,KAAK,CAAC,IAAI,CACf,GAAW,EACX,IAAU,EACV,MAAoC;QAEpC,MAAM,GAAG,GAAG,MAAM,IAAI,CAAC,QAAQ,CAAC,IAAI,CAAC,GAAG,EAAE,IAAI,kBAC5C,OAAO,kBACL,cAAc,EAAE,kBAAkB,IAC/B,CAAC,MAAM,IAAI,MAAM,CAAC,OAAO,CAAC,KAE5B,MAAM,EACT,CAAC;QAEH,OAAO,IAAI,CAAC,aAAa,CAAC,GAAG,CAAC,CAAC;IACjC,CAAC;IAEO,aAAa,CAAC,GAAkB;QACtC,MAAM,EAAE,cAAc,EAAE,GAAG,IAAI,CAAC,MAAM,CAAC;QACvC,IAAI,cAAc;YAAE,OAAO,cAAc,CAAC,GAAG,CAAC,CAAC;;YAC1C,OAAO,GAAG,CAAC,IAAI,CAAC;IACvB,CAAC;IAEM,KAAK,CAAC,GAAG,CACd,GAAW,EACX,IAAU,EACV,MAAoC;QAEpC,MAAM,GAAG,GAAG,MAAM,IAAI,CAAC,QAAQ,CAAC,GAAG,CAAC,GAAG,EAAE,IAAI,kBAC3C,OAAO,kBACL,cAAc,EAAE,kBAAkB,IAC/B,CAAC,MAAM,IAAI,MAAM,CAAC,OAAO,CAAC,KAE5B,MAAM,EACT,CAAC;QAEH,OAAO,IAAI,CAAC,aAAa,CAAC,GAAG,CAAC,CAAC;IACjC,CAAC;IAEM,KAAK,CAAC,QAAQ,CAAI,GAAW,EAAE,IAAU;QAC9C,MAAM,GAAG,GAAG,MAAM,IAAI,CAAC,QAAQ,CAAC,IAAI,CAAC,GAAG,EAAE,EAAE,CAAC,SAAS,CAAC,IAAI,CAAC,EAAE;YAC5D,OAAO,EAAE,EAAE,cAAc,EAAE,mCAAmC,EAAE;SACjE,CAAC,CAAC;QAEH,OAAO,GAAG,CAAC,IAAI,CAAC;IAClB,CAAC;IAEM,KAAK,CAAC,UAAU,CACrB,GAAW,EACX,IAAuB,EACvB,WAAoB;QAEpB,MAAM,MAAM,GAAG,MAAM,CAAC,KAAK,IAAqB,EAAE;YAChD,IAAI,MAAM,CAAC,QAAQ,CAAC,IAAI,CAAC,EAAE;gBACzB,OAAO,IAAI,CAAC;aACb;iBAAM,IAAI,IAAI,YAAY,iBAAQ,EAAE;gBACnC,OAAO,IAAI,OAAO,CAAS,CAAC,OAAO,EAAE,MAAM,EAAE,EAAE;oBAC7C,MAAM,OAAO,GAAa,EAAE,CAAC;oBAC7B,IAAI,IAAI,GAAG,CAAC,CAAC;oBACb,IAAI,CAAC,EAAE,CAAC,MAAM,EAAE,CAAC,KAAa,EAAE,EAAE;wBAChC,OAAO,CAAC,IAAI,CAAC,KAAK,CAAC,CAAC;wBACpB,IAAI,IAAI,KAAK,CAAC,MAAM,CAAC;oBACvB,CAAC,CAAC,CAAC;oBACH,IAAI,CAAC,EAAE,CAAC,KAAK,EAAE,GAAG,EAAE,CAAC,OAAO,CAAC,MAAM,CAAC,MAAM,CAAC,OAAO,EAAE,IAAI,CAAC,CAAC,CAAC,CAAC;oBAC5D,IAAI,CAAC,EAAE,CAAC,OAAO,EAAE,MAAM,CAAC,CAAC;gBAC3B,CAAC,CAAC,CAAC;aACJ;iBAAM;gBACL,MAAM,IAAI,KAAK,CAAC,kCAAkC,CAAC,CAAC;aACrD;QACH,CAAC,CAAC,EAAE,CAAC;QAEL,MAAM,GAAG,GAAG,MAAM,IAAI,CAAC,QAAQ,CAAC,IAAI,CAAC,GAAG,EAAE,MAAM,EAAE;YAChD,OAAO,EAAE;gBACP,cAAc,EAAE,WAAW,IAAI,CAAC,MAAM,QAAQ,CAAC,UAAU,CAAC,MAAM,CAAC,CAAC,CAAC,IAAI;gBACvE,gBAAgB,EAAE,MAAM,CAAC,MAAM;aAChC;SACF,CAAC,CAAC;QAEH,OAAO,GAAG,CAAC,IAAI,CAAC;IAClB,CAAC;IAEM,KAAK,CAAC,MAAM,CAAI,GAAW,EAAE,MAAY;QAC9C,MAAM,GAAG,GAAG,MAAM,IAAI,CAAC,QAAQ,CAAC,MAAM,CAAC,GAAG,EAAE,EAAE,MAAM,EAAE,CAAC,CAAC;QACxD,OAAO,GAAG,CAAC,IAAI,CAAC;IAClB,CAAC;IAEO,SAAS,CAAC,GAAe;QAC/B,IAAI,GAAG,CAAC,QAAQ,EAAE;YAChB,OAAO,IAAI,sBAAS,CAClB,GAAG,CAAC,OAAO,EACX,GAAG,CAAC,QAAQ,CAAC,MAAM,EACnB,GAAG,CAAC,QAAQ,CAAC,UAAU,EACvB,GAAG,CACJ,CAAC;SACH;aAAM,IAAI,GAAG,CAAC,IAAI,EAAE;YACnB,OAAO,IAAI,yBAAY,CAAC,GAAG,CAAC,OAAO,EAAE,GAAG,CAAC,IAAI,EAAE,GAAG,CAAC,CAAC;SACrD;aAAM,IAAI,GAAG,CAAC,MAAM,EAAE;YACrB,0BAA0B;YAC1B,OAAO,IAAI,sBAAS,CAAC,GAAG,CAAC,CAAC;SAC3B;QAED,0BAA0B;QAC1B,OAAO,GAAG,CAAC;IACb,CAAC;CACF;AAxID,6BAwIC","sourcesContent":["import axios, {\n  AxiosInstance,\n  AxiosError,\n  AxiosResponse,\n  AxiosRequestConfig,\n} from \"axios\";\nimport { Readable } from \"stream\";\nimport { HTTPError, ReadError, RequestError } from \"./exceptions\";\nimport * as fileType from \"file-type\";\nimport * as qs from \"querystring\";\n\nconst pkg = require(\"../package.json\");\n\ninterface httpClientConfig extends Partial<AxiosRequestConfig> {\n  baseURL?: string;\n  defaultHeaders?: any;\n  responseParser?: <T>(res: AxiosResponse) => T;\n}\n\nexport default class HTTPClient {\n  private instance: AxiosInstance;\n  private config: httpClientConfig;\n\n  constructor(config: httpClientConfig = {}) {\n    this.config = config;\n    const { baseURL, defaultHeaders } = config;\n    this.instance = axios.create({\n      baseURL,\n      headers: Object.assign({}, defaultHeaders, {\n        \"User-Agent\": `${pkg.name}/${pkg.version}`,\n      }),\n    });\n\n    this.instance.interceptors.response.use(\n      res => res,\n      err => Promise.reject(this.wrapError(err)),\n    );\n  }\n\n  public async get<T>(url: string, params?: any): Promise<T> {\n    const res = await this.instance.get(url, { params });\n    return res.data;\n  }\n\n  public async getStream(url: string, params?: any): Promise<Readable> {\n    const res = await this.instance.get(url, {\n      params,\n      responseType: \"stream\",\n    });\n    return res.data as Readable;\n  }\n\n  public async post<T>(\n    url: string,\n    body?: any,\n    config?: Partial<AxiosRequestConfig>,\n  ): Promise<T> {\n    const res = await this.instance.post(url, body, {\n      headers: {\n        \"Content-Type\": \"application/json\",\n        ...(config && config.headers),\n      },\n      ...config,\n    });\n\n    return this.responseParse(res);\n  }\n\n  private responseParse(res: AxiosResponse) {\n    const { responseParser } = this.config;\n    if (responseParser) return responseParser(res);\n    else return res.data;\n  }\n\n  public async put<T>(\n    url: string,\n    body?: any,\n    config?: Partial<AxiosRequestConfig>,\n  ): Promise<T> {\n    const res = await this.instance.put(url, body, {\n      headers: {\n        \"Content-Type\": \"application/json\",\n        ...(config && config.headers),\n      },\n      ...config,\n    });\n\n    return this.responseParse(res);\n  }\n\n  public async postForm<T>(url: string, body?: any): Promise<T> {\n    const res = await this.instance.post(url, qs.stringify(body), {\n      headers: { \"Content-Type\": \"application/x-www-form-urlencoded\" },\n    });\n\n    return res.data;\n  }\n\n  public async postBinary<T>(\n    url: string,\n    data: Buffer | Readable,\n    contentType?: string,\n  ): Promise<T> {\n    const buffer = await (async (): Promise<Buffer> => {\n      if (Buffer.isBuffer(data)) {\n        return data;\n      } else if (data instanceof Readable) {\n        return new Promise<Buffer>((resolve, reject) => {\n          const buffers: Buffer[] = [];\n          let size = 0;\n          data.on(\"data\", (chunk: Buffer) => {\n            buffers.push(chunk);\n            size += chunk.length;\n          });\n          data.on(\"end\", () => resolve(Buffer.concat(buffers, size)));\n          data.on(\"error\", reject);\n        });\n      } else {\n        throw new Error(\"invalid data type for postBinary\");\n      }\n    })();\n\n    const res = await this.instance.post(url, buffer, {\n      headers: {\n        \"Content-Type\": contentType || (await fileType.fromBuffer(buffer)).mime,\n        \"Content-Length\": buffer.length,\n      },\n    });\n\n    return res.data;\n  }\n\n  public async delete<T>(url: string, params?: any): Promise<T> {\n    const res = await this.instance.delete(url, { params });\n    return res.data;\n  }\n\n  private wrapError(err: AxiosError): Error {\n    if (err.response) {\n      return new HTTPError(\n        err.message,\n        err.response.status,\n        err.response.statusText,\n        err,\n      );\n    } else if (err.code) {\n      return new RequestError(err.message, err.code, err);\n    } else if (err.config) {\n      // unknown, but from axios\n      return new ReadError(err);\n    }\n\n    // otherwise, just rethrow\n    return err;\n  }\n}\n"]},"_coverageSchema":"1a1c01bbd47fc00a2c39e90264f33305004495a9","hash":"20c124a93ba59bbd41f7b0dd620768e0ea5a117c","contentHash":"7d102390f7bb056151875247cf2065d9939f2926e6e6f1718e6661c0f08e3419"},"/Users/somkheart/Documents/lprlinebot/lib/exceptions.ts":{"path":"/Users/somkheart/Documents/lprlinebot/lib/exceptions.ts","statementMap":{"0":{"start":{"line":2,"column":0},"end":{"line":2,"column":62}},"1":{"start":{"line":3,"column":0},"end":{"line":3,"column":131}},"2":{"start":{"line":6,"column":8},"end":{"line":6,"column":23}},"3":{"start":{"line":7,"column":8},"end":{"line":7,"column":35}},"4":{"start":{"line":10,"column":0},"end":{"line":10,"column":62}},"5":{"start":{"line":13,"column":8},"end":{"line":13,"column":23}},"6":{"start":{"line":14,"column":8},"end":{"line":14,"column":23}},"7":{"start":{"line":17,"column":0},"end":{"line":17,"column":40}},"8":{"start":{"line":20,"column":8},"end":{"line":20,"column":23}},"9":{"start":{"line":21,"column":8},"end":{"line":21,"column":25}},"10":{"start":{"line":22,"column":8},"end":{"line":22,"column":43}},"11":{"start":{"line":25,"column":0},"end":{"line":25,"column":36}},"12":{"start":{"line":28,"column":8},"end":{"line":28,"column":37}},"13":{"start":{"line":29,"column":8},"end":{"line":29,"column":43}},"14":{"start":{"line":32,"column":0},"end":{"line":32,"column":30}},"15":{"start":{"line":35,"column":8},"end":{"line":35,"column":23}},"16":{"start":{"line":36,"column":8},"end":{"line":36,"column":37}},"17":{"start":{"line":37,"column":8},"end":{"line":37,"column":43}},"18":{"start":{"line":38,"column":8},"end":{"line":38,"column":43}},"19":{"start":{"line":41,"column":0},"end":{"line":41,"column":30}}},"fnMap":{"0":{"name":"(anonymous_0)","decl":{"start":{"line":5,"column":4},"end":{"line":5,"column":5}},"loc":{"start":{"line":5,"column":36},"end":{"line":8,"column":5}},"line":5},"1":{"name":"(anonymous_1)","decl":{"start":{"line":12,"column":4},"end":{"line":12,"column":5}},"loc":{"start":{"line":12,"column":30},"end":{"line":15,"column":5}},"line":12},"2":{"name":"(anonymous_2)","decl":{"start":{"line":19,"column":4},"end":{"line":19,"column":5}},"loc":{"start":{"line":19,"column":46},"end":{"line":23,"column":5}},"line":19},"3":{"name":"(anonymous_3)","decl":{"start":{"line":27,"column":4},"end":{"line":27,"column":5}},"loc":{"start":{"line":27,"column":31},"end":{"line":30,"column":5}},"line":27},"4":{"name":"(anonymous_4)","decl":{"start":{"line":34,"column":4},"end":{"line":34,"column":5}},"loc":{"start":{"line":34,"column":67},"end":{"line":39,"column":5}},"line":34}},"branchMap":{},"s":{"0":1,"1":1,"2":3,"3":3,"4":1,"5":2,"6":2,"7":1,"8":1,"9":1,"10":1,"11":1,"12":0,"13":0,"14":1,"15":7,"16":7,"17":7,"18":7,"19":1},"f":{"0":3,"1":2,"2":1,"3":0,"4":7},"b":{},"inputSourceMap":{"version":3,"file":"/Users/somkheart/Documents/lprlinebot/lib/exceptions.ts","sources":["/Users/somkheart/Documents/lprlinebot/lib/exceptions.ts"],"names":[],"mappings":";;;AAAA,MAAa,yBAA0B,SAAQ,KAAK;IAClD,YAAY,OAAe,EAAS,SAAkB;QACpD,KAAK,CAAC,OAAO,CAAC,CAAC;QADmB,cAAS,GAAT,SAAS,CAAS;IAEtD,CAAC;CACF;AAJD,8DAIC;AAED,MAAa,cAAe,SAAQ,KAAK;IACvC,YAAY,OAAe,EAAS,GAAQ;QAC1C,KAAK,CAAC,OAAO,CAAC,CAAC;QADmB,QAAG,GAAH,GAAG,CAAK;IAE5C,CAAC;CACF;AAJD,wCAIC;AAED,MAAa,YAAa,SAAQ,KAAK;IACrC,YACE,OAAe,EACR,IAAY,EACX,aAAoB;QAE5B,KAAK,CAAC,OAAO,CAAC,CAAC;QAHR,SAAI,GAAJ,IAAI,CAAQ;QACX,kBAAa,GAAb,aAAa,CAAO;IAG9B,CAAC;CACF;AARD,oCAQC;AAED,MAAa,SAAU,SAAQ,KAAK;IAClC,YAAoB,aAAoB;QACtC,KAAK,CAAC,aAAa,CAAC,OAAO,CAAC,CAAC;QADX,kBAAa,GAAb,aAAa,CAAO;IAExC,CAAC;CACF;AAJD,8BAIC;AAED,MAAa,SAAU,SAAQ,KAAK;IAClC,YACE,OAAe,EACR,UAAkB,EAClB,aAAqB,EACrB,aAAkB;QAEzB,KAAK,CAAC,OAAO,CAAC,CAAC;QAJR,eAAU,GAAV,UAAU,CAAQ;QAClB,kBAAa,GAAb,aAAa,CAAQ;QACrB,kBAAa,GAAb,aAAa,CAAK;IAG3B,CAAC;CACF;AATD,8BASC","sourcesContent":["export class SignatureValidationFailed extends Error {\n  constructor(message: string, public signature?: string) {\n    super(message);\n  }\n}\n\nexport class JSONParseError extends Error {\n  constructor(message: string, public raw: any) {\n    super(message);\n  }\n}\n\nexport class RequestError extends Error {\n  constructor(\n    message: string,\n    public code: string,\n    private originalError: Error,\n  ) {\n    super(message);\n  }\n}\n\nexport class ReadError extends Error {\n  constructor(private originalError: Error) {\n    super(originalError.message);\n  }\n}\n\nexport class HTTPError extends Error {\n  constructor(\n    message: string,\n    public statusCode: number,\n    public statusMessage: string,\n    public originalError: any,\n  ) {\n    super(message);\n  }\n}\n"]},"_coverageSchema":"1a1c01bbd47fc00a2c39e90264f33305004495a9","hash":"9dec8dc39151eead8ca28c7317d8b29d098e824a","contentHash":"2c7d001d30add090575c1da10c24d55e527e47abfad8db4824725435bc715d37"},"/Users/somkheart/Documents/lprlinebot/lib/types.ts":{"path":"/Users/somkheart/Documents/lprlinebot/lib/types.ts","statementMap":{"0":{"start":{"line":2,"column":0},"end":{"line":2,"column":62}},"1":{"start":{"line":3,"column":0},"end":{"line":3,"column":92}},"2":{"start":{"line":4,"column":0},"end":{"line":4,"column":63}},"3":{"start":{"line":5,"column":0},"end":{"line":5,"column":61}}},"fnMap":{},"branchMap":{},"s":{"0":1,"1":1,"2":1,"3":1},"f":{},"b":{},"inputSourceMap":{"version":3,"file":"/Users/somkheart/Documents/lprlinebot/lib/types.ts","sources":["/Users/somkheart/Documents/lprlinebot/lib/types.ts"],"names":[],"mappings":";;;AA68Da,QAAA,gCAAgC,GAAG,mBAAmB,CAAC;AAKvD,QAAA,+BAA+B,GAAG,kBAAkB,CAAC","sourcesContent":["import { AxiosRequestConfig } from \"axios\";\n\nexport interface Config {\n  channelAccessToken?: string;\n  channelSecret?: string;\n}\n\nexport interface ClientConfig extends Config {\n  channelAccessToken: string;\n  httpConfig?: Partial<AxiosRequestConfig>;\n}\n\nexport interface MiddlewareConfig extends Config {\n  channelSecret: string;\n}\n\nexport type Profile = {\n  displayName: string;\n  userId: string;\n  pictureUrl: string;\n  statusMessage: string;\n  language?: string;\n};\n\n/**\n * Request body which is sent by webhook.\n *\n * @see [Request body](https://developers.line.biz/en/reference/messaging-api/#request-body)\n */\nexport type WebhookRequestBody = {\n  /**\n   * User ID of a bot that should receive webhook events. The user ID value is a string that matches the regular expression, U[0-9a-f]{32}.\n   */\n  destination: string;\n\n  /**\n   * Information about the event\n   */\n  events: Array<WebhookEvent>;\n};\n\n/**\n * JSON objects which contain events generated on the LINE Platform.\n *\n * @see [Webhook event objects](https://developers.line.biz/en/reference/messaging-api/#webhook-event-objects)\n */\nexport type WebhookEvent =\n  | MessageEvent\n  | FollowEvent\n  | UnfollowEvent\n  | JoinEvent\n  | LeaveEvent\n  | MemberJoinEvent\n  | MemberLeaveEvent\n  | PostbackEvent\n  | BeaconEvent\n  | AccountLinkEvent\n  | DeviceLinkEvent\n  | DeviceUnlinkEvent\n  | LINEThingsScenarioExecutionEvent;\n\nexport type EventBase = {\n  /**\n   * Channel state.\n   *\n   * `active`: The channel is active. You can send a reply message or push message from the bot server that received this webhook event.\n   *\n   * `standby`: The channel is waiting. The bot server that received this webhook event shouldn't send any messages.\n   */\n  mode: \"active\" | \"standby\";\n  /**\n   * Time of the event in milliseconds\n   */\n  timestamp: number;\n  /**\n   * Source user, group, or room object with information about the source of the event.\n   */\n  source: EventSource;\n};\n\nexport type EventSource = User | Group | Room;\n\nexport type User = { type: \"user\"; userId: string };\n\ne
[...]
nceCount: number;\n  created: number;\n} & (\n  | {\n      jobStatus: \"QUEUED\" | \"WORKING\" | \"FINISHED\";\n    }\n  | {\n      jobStatus: \"FAILED\";\n      failedType: \"INTERNAL_ERROR\";\n    }\n);\n\nexport type AudienceGroupStatus =\n  | \"IN_PROGRESS\"\n  | \"READY\"\n  | \"EXPIRED\"\n  | \"FAILED\";\n\nexport type AudienceGroupCreateRoute = \"OA_MANAGER\" | \"MESSAGING_API\";\n\ntype _AudienceGroup = {\n  audienceGroupId: number;\n  description: string;\n  audienceCount: number;\n  created: number;\n  isIfaAudience: boolean;\n  permission: \"READ\" | \"READ_WRITE\";\n  createRoute: AudienceGroupCreateRoute;\n} & (\n  | {\n      status: Exclude<AudienceGroupStatus, \"FAILED\">;\n    }\n  | {\n      status: \"FAILED\";\n      failedType: \"AUDIENCE_GROUP_AUDIENCE_INSUFFICIENT\" | \"INTERNAL_ERROR\";\n    }\n) &\n  (\n    | {\n        type: \"UPLOAD\";\n      }\n    | {\n        type: \"CLICK\";\n        clickUrl: string;\n      }\n    | {\n        type: \"IMP\";\n        requestId: string;\n      }\n  );\n\nexport type AudienceGroup = _AudienceGroup & {\n  jobs: AudienceGroupJob[];\n};\n\nexport type AudienceGroups = _AudienceGroup[];\n\nexport type AudienceGroupAuthorityLevel = \"PUBLIC\" | \"PRIVATE\";\n\nexport type ChannelAccessToken = {\n  access_token: string;\n  expires_in: number;\n  token_type: \"Bearer\";\n  key_id?: string;\n};\n\n/**\n * Response body of get group summary.\n *\n * @see [Get group summary](https://developers.line.biz/ja/reference/messaging-api/#get-group-summary)\n */\nexport type GroupSummaryResponse = {\n  groupId: string;\n  groupName: string;\n  pictureUrl: string;\n};\n\n/**\n * Response body of get members in group count and get members in room count.\n *\n * @see [Get members in group count](https://developers.line.biz/en/reference/messaging-api/#get-members-group-count)\n * @see [Get members in room count](https://developers.line.biz/en/reference/messaging-api/#get-members-room-count)\n */\nexport type MembersCountResponse = {\n  count: number;\n};\n"]},"_coverageSchema":"1a1c01bbd47fc00a2c39e90264f33305004495a9","hash":"c48786cb688ab44037b012535c455089bd41a426","contentHash":"6cad4b9a34f98f20ad9fbc658837c98d73b9cbbbaef40670fde80d1accb1d83f"},"/Users/somkheart/Documents/lprlinebot/lib/utils.ts":{"path":"/Users/somkheart/Documents/lprlinebot/lib/utils.ts","statementMap":{"0":{"start":{"line":2,"column":0},"end":{"line":2,"column":62}},"1":{"start":{"line":3,"column":0},"end":{"line":3,"column":46}},"2":{"start":{"line":4,"column":21},"end":{"line":4,"column":44}},"3":{"start":{"line":6,"column":4},"end":{"line":6,"column":59}},"4":{"start":{"line":8,"column":0},"end":{"line":8,"column":26}},"5":{"start":{"line":10,"column":4},"end":{"line":15,"column":5}},"6":{"start":{"line":11,"column":8},"end":{"line":11,"column":19}},"7":{"start":{"line":14,"column":8},"end":{"line":14,"column":92}},"8":{"start":{"line":17,"column":0},"end":{"line":17,"column":32}}},"fnMap":{"0":{"name":"toArray","decl":{"start":{"line":5,"column":9},"end":{"line":5,"column":16}},"loc":{"start":{"line":5,"column":27},"end":{"line":7,"column":1}},"line":5},"1":{"name":"ensureJSON","decl":{"start":{"line":9,"column":9},"end":{"line":9,"column":19}},"loc":{"start":{"line":9,"column":25},"end":{"line":16,"column":1}},"line":9}},"branchMap":{"0":{"loc":{"start":{"line":6,"column":11},"end":{"line":6,"column":58}},"type":"cond-expr","locations":[{"start":{"line":6,"column":37},"end":{"line":6,"column":45}},{"start":{"line":6,"column":48},"end":{"line":6,"column":58}}],"line":6},"1":{"loc":{"start":{"line":10,"column":4},"end":{"line":15,"column":5}},"type":"if","locations":[{"start":{"line":10,"column":4},"end":{"line":15,"column":5}},{"start":{"line":10,"column":4},"end":{"line":15,"column":5}}],"line":10}},"s":{"0":1,"1":1,"2":1,"3":7,"4":1,"5":40,"6":39,"7":1,"8":1},"f":{"0":7,"1":40},"b":{"0":[3,4],"1":[39,1]},"inputSourceMap":{"version":3,"file":"/Users/somkheart/Documents/lprlinebot/lib/utils.ts","sources":["/Users/somkheart/Documents/lprlinebot/lib/utils.ts"],"names":[],"mappings":";;;AAAA,6CAA8C;AAE9C,SAAgB,OAAO,CAAI,QAAiB;IAC1C,OAAO,KAAK,CAAC,OAAO,CAAC,QAAQ,CAAC,CAAC,CAAC,CAAC,QAAQ,CAAC,CAAC,CAAC,CAAC,QAAQ,CAAC,CAAC;AACzD,CAAC;AAFD,0BAEC;AAED,SAAgB,UAAU,CAAI,GAAM;IAClC,IAAI,OAAO,GAAG,KAAK,QAAQ,EAAE;QAC3B,OAAO,GAAG,CAAC;KACZ;SAAM;QACL,MAAM,IAAI,2BAAc,CAAC,uCAAuC,EAAE,GAAG,CAAC,CAAC;KACxE;AACH,CAAC;AAND,gCAMC","sourcesContent":["import { JSONParseError } from \"./exceptions\";\n\nexport function toArray<T>(maybeArr: T | T[]): T[] {\n  return Array.isArray(maybeArr) ? maybeArr : [maybeArr];\n}\n\nexport function ensureJSON<T>(raw: T): T {\n  if (typeof raw === \"object\") {\n    return raw;\n  } else {\n    throw new JSONParseError(\"Failed to parse response body as JSON\", raw);\n  }\n}\n"]},"_coverageSchema":"1a1c01bbd47fc00a2c39e90264f33305004495a9","hash":"662d54f69775257eb401279bfea9457407f23993","contentHash":"545c4fc211d9b0e39c38bef03d60d36a47b3e0f15d4275941917ae622248ec7f"},"/Users/somkheart/Documents/lprlinebot/lib/endpoints.ts":{"path":"/Users/somkheart/Documents/lprlinebot/lib/endpoints.ts","statementMap":{"0":{"start":{"line":2,"column":0},"end":{"line":2,"column":62}},"1":{"start":{"line":3,"column":0},"end":{"line":3,"column":125}},"2":{"start":{"line":4,"column":0},"end":{"line":4,"column":60}},"3":{"start":{"line":5,"column":0},"end":{"line":5,"column":60}},"4":{"start":{"line":6,"column":0},"end":{"line":6,"column":59}},"5":{"start":{"line":7,"column":0},"end":{"line":7,"column":67}}},"fnMap":{},"branchMap":{},"s":{"0":1,"1":1,"2":1,"3":1,"4":1,"5":1},"f":{},"b":{},"inputSourceMap":{"version":3,"file":"/Users/somkheart/Documents/lprlinebot/lib/endpoints.ts","sources":["/Users/somkheart/Documents/lprlinebot/lib/endpoints.ts"],"names":[],"mappings":";;;AAAa,QAAA,oBAAoB,GAAG,4BAA4B,CAAC;AACpD,QAAA,eAAe,GAAG,iCAAiC,CAAC;AACpD,QAAA,iBAAiB,GAAG,8BAA8B,CAAC;AACnD,QAAA,sBAAsB,GAAG,iCAAiC,CAAC","sourcesContent":["export const MESSAGING_API_PREFIX = `https://api.line.me/v2/bot`;\nexport const DATA_API_PREFIX = `https://api-data.line.me/v2/bot`;\nexport const OAUTH_BASE_PREFIX = `https://api.line.me/v2/oauth`;\nexport const OAUTH_BASE_PREFIX_V2_1 = `https://api.line.me/oauth2/v2.1`;\n"]},"_coverageSchema":"1a1c01bbd47fc00a2c39e90264f33305004495a9","hash":"a5b591e7b44a000f0504f90fcfdf692b12b2e7b7","contentHash":"15b319e243218619aea0c876e3ea3c8273b3433994702a4da4b6449c819eb8b1"},"/Users/somkheart/Documents/lprlinebot/lib/middleware.ts":{"path":"/Users/somkheart/Documents/lprlinebot/lib/middleware.ts","statementMap":{"0":{"start":{"line":2,"column":0},"end":{"line":2,"column":62}},"1":{"start":{"line":3,"column":22},"end":{"line":3,"column":44}},"2":{"start":{"line":4,"column":21},"end":{"line":4,"column":44}},"3":{"start":{"line":5,"column":14},"end":{"line":5,"column":32}},"4":{"start":{"line":6,"column":29},"end":{"line":6,"column":60}},"5":{"start":{"line":8,"column":4},"end":{"line":8,"column":71}},"6":{"start":{"line":11,"column":4},"end":{"line":13,"column":5}},"7":{"start":{"line":12,"column":8},"end":{"line":12,"column":45}},"8":{"start":{"line":14,"column":19},"end":{"line":14,"column":39}},"9":{"start":{"line":15,"column":24},"end":{"line":48,"column":5}},"10":{"start":{"line":18,"column":26},"end":{"line":18,"column":76}},"11":{"start":{"line":19,"column":8},"end":{"line":22,"column":9}},"12":{"start":{"line":20,"column":12},"end":{"line":20,"column":77}},"13":{"start":{"line":21,"column":12},"end":{"line":21,"column":19}},"14":{"start":{"line":23,"column":21},"end":{"line":35,"column":12}},"15":{"start":{"line":24,"column":12},"end":{"line":34,"column":13}},"16":{"start":{"line":26,"column":16},"end":{"line":26,"column":35}},"17":{"start":{"line":28,"column":17},"end":{"line":34,"column":13}},"18":{"start":{"line":29,"column":16},"end":{"line":29,"column":32}},"19":{"start":{"line":33,"column":16},"end":{"line":33,"column":156}},"20":{"start":{"line":33,"column":56},"end":{"line":33,"column":154}},"21":{"start":{"line":33,"column":112},"end":{"line":33,"column":153}},"22":{"start":{"line":36,"column":8},"end":{"line":39,"column":9}},"23":{"start":{"line":37,"column":12},"end":{"line":37,"column":103}},"24":{"start":{"line":38,"column":12},"end":{"line":38,"column":19}},"25":{"start":{"line":40,"column":24},"end":{"line":40,"column":70}},"26":{"start":{"line":41,"column":8},"end":{"line":47,"column":9}},"27":{"start":{"line":42,"column":12},"end":{"line":42,"column":43}},"28":{"start":{"line":43,"column":12},"end":{"line":43,"column":19}},"29":{"start":{"line":46,"column":12},"end":{"line":46,"column":72}},"30":{"start":{"line":49,"column":4},"end":{"line":51,"column":6}},"31":{"start":{"line":50,"column":8},"end":{"line":50,"column":48}},"32":{"start":{"line":53,"column":0},"end":{"line":53,"column":29}}},"fnMap":{"0":{"name":"isValidBody","decl":{"start":{"line":7,"column":9},"end":{"line":7,"column":20}},"loc":{"start":{"line":7,"column":27},"end":{"line":9,"column":1}},"line":7},"1":{"name":"middleware","decl":{"start":{"line":10,"column":9},"end":{"line":10,"column":19}},"loc":{"start":{"line":10,"column":28},"end":{"line":52,"column":1}},"line":10},"2":{"name":"(anonymous_2)","decl":{"start":{"line":15,"column":24},"end":{"line":15,"column":25}},"loc":{"start":{"line":15,"column":50},"end":{"line":48,"column":5}},"line":15},"3":{"name":"(anonymous_3)","decl":{"start":{"line":23,"column":28},"end":{"line":23,"column":29}},"loc":{"start":{"line":23,"column":40},"end":{"line":35,"column":9}},"line":23},"4":{"name":"(anonymous_4)","decl":{"start":{"line":33,"column":35},"end":{"line":33,"column":36}},"loc":{"start":{"line":33,"column":56},"end":{"line":33,"column":154}},"line":33},"5":{"name":"(anonymous_5)","decl":{"start":{"line":33,"column":101},"end":{"line":33,"column":102}},"loc":{"start":{"line":33,"column":112},"end":{"line":33,"column":153}},"line":33},"6":{"name":"(anonymous_6)","decl":{"start":{"line":49,"column":11},"end":{"line":49,"column":12}},"loc":{"start":{"line":49,"column":31},"end":{"line":51,"column":5}},"line":49}},"branchMap":{"0":{"loc":{"start":{"line":8,"column":11},"end":{"line":8,"column":70}},"type":"binary-expr","locations":[{"start":{"line":8,"column":12},"end":{"line":8,"column":16}},{"start":{"line":8,"column":20},"end":{"line":8,"column":44}},{"start":{"line":8,"column":49},"end":{"line":8,"column":70}}],"line":8},"1":{"loc":{"start":{"line":11,"column":4},"end":{"line":13,"column":5}},"type":"if","locations":[{"start":{"line":11,"column":4},"end":{"line":13,"column":5}},{"start":{"line":11,"column":4},"end":{"line":13,"column":5}}],"line":11},"2":{"loc":{"start":{"line":19,"column":8},"end":{"line":22,"column":9}},"type":"if","locations":[{"start":{"line":19,"column":8},"end":{"line":22,"column":9}},{"start":{"line":19,"column":8},"end":{"line":22,"column":9}}],"line":19},"3":{"loc":{"start":{"line":24,"column":12},"end":{"line":34,"column":13}},"type":"if","locations":[{"start":{"line":24,"column":12},"end":{"line":34,"column":13}},{"start":{"line":24,"column":12},"end":{"line":34,"column":13}}],"line":24},"4":{"loc":{"start":{"line":28,"column":17},"end":{"line":34,"column":13}},"type":"if","locations":[{"start":{"line":28,"column":17},"end":{"line":34,"column":13}},{"start":{"line":28,"column":17},"end":{"line":34,"column":13}}],"line":28},"5":{"loc":{"start":{"line":33,"column":112},"end":{"line":33,"column":153}},"type":"cond-expr","locations":[{"start":{"line":33,"column":120},"end":{"line":33,"column":133}},{"start":{"line":33,"column":136},"end":{"line":33,"column":153}}],"line":33},"6":{"loc":{"start":{"line":36,"column":8},"end":{"line":39,"column":9}},"type":"if","locations":[{"start":{"line":36,"column":8},"end":{"line":39,"column":9}},{"start":{"line":36,"column":8},"end":{"line":39,"column":9}}],"line":36},"7":{"loc":{"start":{"line":40,"column":24},"end":{"line":40,"column":70}},"type":"cond-expr","locations":[{"start":{"line":40,"column":48},"end":{"line":40,"column":63}},{"start":{"line":40,"column":66},"end":{"line":40,"column":70}}],"line":40}},"s":{"0":1,"1":1,"2":1,"3":1,"4":1,"5":17,"6":2,"7":1,"8":1,"9":1,"10":10,"11":10,"12":1,"13":1,"14":9,"15":9,"16":1,"17":8,"18":2,"19":6,"20":6,"21":6,"22":8,"23":2,"24":2,"25":5,"26":5,"27":5,"28":4,"29":1,"30":1,"31":10,"32":1},"f":{"0":17,"1":2,"2":10,"3":9,"4":6,"5":6,"6":10},"b":{"0":[17,4,16],"1":[1,1],"2":[1,9],"3":[1,8],"4":[2,6],"5":[1,5],"6":[2,5],"7":[4,1]},"inputSourceMap":{"version":3,"file":"/Users/somkheart/Documents/lprlinebot/lib/middleware.ts","sources":["/Users/somkheart/Documents/lprlinebot/lib/middleware.ts"],"names":[],"mappings":";;AAAA,6CAAkC;AAElC,6CAAyE;AACzE,iCAAiC;AACjC,6DAAqD;AAYrD,SAAS,WAAW,CAAC,IAAU;IAC7B,OAAO,CAAC,IAAI,IAAI,OAAO,IAAI,KAAK,QAAQ,CAAC,IAAI,MAAM,CAAC,QAAQ,CAAC,IAAI,CAAC,CAAC;AACrE,CAAC;AAED,SAAwB,UAAU,CAAC,MAA8B;IAC/D,IAAI,CAAC,MAAM,CAAC,aAAa,EAAE;QACzB,MAAM,IAAI,KAAK,CAAC,mBAAmB,CAAC,CAAC;KACtC;IAED,MAAM,MAAM,GAAG,MAAM,CAAC,aAAa,CAAC;IAEpC,MAAM,WAAW,GAAe,KAAK,EAAE,GAAG,EAAE,GAAG,EAAE,IAAI,EAAE,EAAE;QACvD,+BAA+B;QAC/B,wDAAwD;QACxD,MAAM,SAAS,GAAG,GAAG,CAAC,OAAO,CAC3B,KAAK,CAAC,+BAA+B,CAC5B,CAAC;QAEZ,IAAI,CAAC,SAAS,EAAE;YACd,IAAI,CAAC,IAAI,sCAAyB,CAAC,cAAc,CAAC,CAAC,CAAC;YACpD,OAAO;SACR;QAED,MAAM,IAAI,GAAG,MAAM,CAAC,KAAK,IAA8B,EAAE;YACvD,IAAI,WAAW,CAAE,GAAW,CAAC,OAAO,CAAC,EAAE;gBACrC,2DAA2D;gBAC3D,OAAQ,GAAW,CAAC,OAAO,CAAC;aAC7B;iBAAM,IAAI,WAAW,CAAC,GAAG,CAAC,IAAI,CAAC,EAAE;gBAChC,OAAO,GAAG,CAAC,IAAI,CAAC;aACjB;iBAAM;gBACL,mDAAmD;gBACnD,OAAO,IAAI,OAAO,CAAS,CAAC,OAAO,EAAE,MAAM,EAAE,EAAE,CAC7C,iBAAG,CAAC,EAAE,IAAI,EAAE,KAAK,EAAE,CAAC,CAAC,GAAU,EAAE,GAAU,EAAE,CAAC,KAAY,EAAE,EAAE,CAC5D,KAAK,CAAC,CAAC,CAAC,MAAM,CAAC,KAAK,CAAC,CAAC,CAAC,CAAC,OAAO,CAAC,GAAG,CAAC,IAAI,CAAC,CAC1C,CACF,CAAC;aACH;QACH,CAAC,CAAC,EAAE,CAAC;QAEL,IAAI,CAAC,4BAAiB,CAAC,IAAI,EAAE,MAAM,EAAE,SAAS,CAAC,EAAE;YAC/C,IAAI,CACF,IAAI,sCAAyB,CAAC,6BAA6B,EAAE,SAAS,CAAC,CACxE,CAAC;YACF,OAAO;SACR;QAED,MAAM,OAAO,GAAG,MAAM,CAAC,QAAQ,CAAC,IAAI,CAAC,CAAC,CAAC,CAAC,IAAI,CAAC,QAAQ,EAAE,CAAC,CAAC,CAAC,IAAI,CAAC;QAE/D,IAAI;YACF,GAAG,CAAC,IAAI,GAAG,IAAI,CAAC,KAAK,CAAC,OAAO,CAAC,CAAC;YAC/B,IAAI,EAAE,CAAC;SACR;QAAC,OAAO,GAAG,EAAE;YACZ,IAAI,CAAC,IAAI,2BAAc,CAAC,GAAG,CAAC,OAAO,EAAE,OAAO,CAAC,CAAC,CAAC;SAChD;IACH,CAAC,CAAC;IACF,OAAO,CAAC,GAAG,EAAE,GAAG,EAAE,IAAI,EAAQ,EAAE;QACd,WAAW,CAAC,GAAG,EAAE,GAAG,EAAE,IAAI,CAAE,CAAC,KAAK,CAAC,IAAI,CAAC,CAAC;IAC3D,CAAC,CAAC;AACJ,CAAC;AAtDD,6BAsDC","sourcesContent":["import { raw } from \"body-parser\";\nimport * as http from \"http\";\nimport { JSONParseError, SignatureValidationFailed } from \"./exceptions\";\nimport * as Types from \"./types\";\nimport validateSignature from \"./validate-signature\";\n\nexport type Request = http.IncomingMessage & { body: any };\nexport type Response = http.ServerResponse;\nexport type NextCallback = (err?: Error) => void;\n\nexport type Middleware = (\n  req: Request,\n  res: Response,\n  next: NextCallback,\n) => void | Promise<void>;\n\nfunction isValidBody(body?: any): body is string | Buffer {\n  return (body && typeof body === \"string\") || Buffer.isBuffer(body);\n}\n\nexport default function middleware(config: Types.MiddlewareConfig): Middleware {\n  if (!config.channelSecret) {\n    throw new Error(\"no channel secret\");\n  }\n\n  const secret = config.channelSecret;\n\n  const _middleware: Middleware = async (req, res, next) => {\n    // header names are lower-cased\n    // https://nodejs.org/api/http.html#http_message_headers\n    const signature = req.headers[\n      Types.LINE_SIGNATURE_HTTP_HEADER_NAME\n    ] as string;\n\n    if (!signature) {\n      next(new SignatureValidationFailed(\"no signature\"));\n      return;\n    }\n\n    const body = await (async (): Promise<string | Buffer> => {\n      if (isValidBody((req as any).rawBody)) {\n        // rawBody is provided in Google Cloud Functions and others\n        return (req as any).rawBody;\n      } else if (isValidBody(req.body)) {\n        return req.body;\n      } else {\n        // body may not be parsed yet, parse it to a buffer\n        return new Promise<Buffer>((resolve, reject) =>\n          raw({ type: \"*/*\" })(req as any, res as any, (error: Error) =>\n            error ? reject(error) : resolve(req.body),\n          ),\n        );\n      }\n    })();\n\n    if (!validateSignature(body, secret, signature)) {\n      next(\n        new SignatureValidationFailed(\"signature validation failed\", signature),\n      );\n      return;\n    }\n\n    const strBody = Buffer.isBuffer(body) ? body.toString() : body;\n\n    try {\n      req.body = JSON.parse(strBody);\n      next();\n    } catch (err) {\n      next(new JSONParseError(err.message, strBody));\n    }\n  };\n  return (req, res, next): void => {\n    (<Promise<void>>_middleware(req, res, next)).catch(next);\n  };\n}\n"]},"_coverageSchema":"1a1c01bbd47fc00a2c39e90264f33305004495a9","hash":"5b006c844cb618274379ca842abcfa5a923954a8","contentHash":"13f3d17b426ac16671aef8b0dfa140620a843d1cf480ff19c5eff97f26b51d29"},"/Users/somkheart/Documents/lprlinebot/lib/validate-signature.ts":{"path":"/Users/somkheart/Documents/lprlinebot/lib/validate-signature.ts","statementMap":{"0":{"start":{"line":2,"column":0},"end":{"line":2,"column":62}},"1":{"start":{"line":3,"column":17},"end":{"line":3,"column":34}},"2":{"start":{"line":5,"column":4},"end":{"line":5,"column":38}},"3":{"start":{"line":8,"column":4},"end":{"line":10,"column":5}},"4":{"start":{"line":9,"column":8},"end":{"line":9,"column":21}},"5":{"start":{"line":11,"column":4},"end":{"line":11,"column":42}},"6":{"start":{"line":14,"column":4},"end":{"line":14,"column":117}},"7":{"start":{"line":16,"column":0},"end":{"line":16,"column":36}}},"fnMap":{"0":{"name":"s2b","decl":{"start":{"line":4,"column":9},"end":{"line":4,"column":12}},"loc":{"start":{"line":4,"column":28},"end":{"line":6,"column":1}},"line":4},"1":{"name":"safeCompare","decl":{"start":{"line":7,"column":9},"end":{"line":7,"column":20}},"loc":{"start":{"line":7,"column":27},"end":{"line":12,"column":1}},"line":7},"2":{"name":"validateSignature","decl":{"start":{"line":13,"column":9},"end":{"line":13,"column":26}},"loc":{"start":{"line":13,"column":59},"end":{"line":15,"column":1}},"line":13}},"branchMap":{"0":{"loc":{"start":{"line":8,"column":4},"end":{"line":10,"column":5}},"type":"if","locations":[{"start":{"line":8,"column":4},"end":{"line":10,"column":5}},{"start":{"line":8,"column":4},"end":{"line":10,"column":5}}],"line":8}},"s":{"0":1,"1":1,"2":9,"3":9,"4":1,"5":8,"6":10,"7":1},"f":{"0":9,"1":9,"2":10},"b":{"0":[1,8]},"inputSourceMap":{"version":3,"file":"/Users/somkheart/Documents/lprlinebot/lib/validate-signature.ts","sources":["/Users/somkheart/Documents/lprlinebot/lib/validate-signature.ts"],"names":[],"mappings":";;AAAA,mCAAqD;AAErD,SAAS,GAAG,CAAC,GAAW,EAAE,QAAwB;IAChD,OAAO,MAAM,CAAC,IAAI,CAAC,GAAG,EAAE,QAAQ,CAAC,CAAC;AACpC,CAAC;AAED,SAAS,WAAW,CAAC,CAAS,EAAE,CAAS;IACvC,IAAI,CAAC,CAAC,MAAM,KAAK,CAAC,CAAC,MAAM,EAAE;QACzB,OAAO,KAAK,CAAC;KACd;IACD,OAAO,wBAAe,CAAC,CAAC,EAAE,CAAC,CAAC,CAAC;AAC/B,CAAC;AAED,SAAwB,iBAAiB,CACvC,IAAqB,EACrB,aAAqB,EACrB,SAAiB;IAEjB,OAAO,WAAW,CAChB,mBAAU,CAAC,QAAQ,EAAE,aAAa,CAAC,CAAC,MAAM,CAAC,IAAI,CAAC,CAAC,MAAM,EAAE,EACzD,GAAG,CAAC,SAAS,EAAE,QAAQ,CAAC,CACzB,CAAC;AACJ,CAAC;AATD,oCASC","sourcesContent":["import { createHmac, timingSafeEqual } from \"crypto\";\n\nfunction s2b(str: string, encoding: BufferEncoding): Buffer {\n  return Buffer.from(str, encoding);\n}\n\nfunction safeCompare(a: Buffer, b: Buffer): boolean {\n  if (a.length !== b.length) {\n    return false;\n  }\n  return timingSafeEqual(a, b);\n}\n\nexport default function validateSignature(\n  body: string | Buffer,\n  channelSecret: string,\n  signature: string,\n): boolean {\n  return safeCompare(\n    createHmac(\"SHA256\", channelSecret).update(body).digest(),\n    s2b(signature, \"base64\"),\n  );\n}\n"]},"_coverageSchema":"1a1c01bbd47fc00a2c39e90264f33305004495a9","hash":"417d8131d2c935755907079a852af5dd62eba049","contentHash":"1b331054652013d821df6be9b69399d9f906dabc50ecddfd21854337262d8940"}}