TN:
SF:lib/client.ts
FN:25,(anonymous_0)
FN:39,(anonymous_1)
FN:43,(anonymous_2)
FN:54,(anonymous_3)
FN:66,(anonymous_4)
FN:82,(anonymous_5)
FN:94,(anonymous_6)
FN:110,(anonymous_7)
FN:130,(anonymous_8)
FN:144,(anonymous_9)
FN:151,(anonymous_10)
FN:162,(anonymous_11)
FN:169,(anonymous_12)
FN:176,(anonymous_13)
FN:196,(anonymous_14)
FN:200,(anonymous_15)
FN:204,(anonymous_16)
FN:213,(anonymous_17)
FN:222,(anonymous_18)
FN:231,(anonymous_19)
FN:237,(anonymous_20)
FN:243,(anonymous_21)
FN:247,(anonymous_22)
FN:251,(anonymous_23)
FN:260,(anonymous_24)
FN:268,(anonymous_25)
FN:272,(anonymous_26)
FN:279,(anonymous_27)
FN:288,(anonymous_28)
FN:292,(anonymous_29)
FN:302,(anonymous_30)
FN:310,(anonymous_31)
FN:316,(anonymous_32)
FN:328,(anonymous_33)
FN:335,(anonymous_34)
FN:341,(anonymous_35)
FN:348,(anonymous_36)
FN:352,(anonymous_37)
FN:359,(anonymous_38)
FN:368,(anonymous_39)
FN:377,(anonymous_40)
FN:386,(anonymous_41)
FN:395,(anonymous_42)
FN:404,(anonymous_43)
FN:413,(anonymous_44)
FN:422,(anonymous_45)
FN:431,(anonymous_46)
FN:440,(anonymous_47)
FN:447,(anonymous_48)
FN:456,(anonymous_49)
FN:473,(anonymous_50)
FN:493,(anonymous_51)
FN:510,(anonymous_52)
FN:526,(anonymous_53)
FN:539,(anonymous_54)
FN:546,(anonymous_55)
FN:553,(anonymous_56)
FN:579,(anonymous_57)
FN:586,(anonymous_58)
FN:600,(anonymous_59)
FN:604,(anonymous_60)
FN:615,(anonymous_61)
FN:619,(anonymous_62)
FN:630,(anonymous_63)
FN:640,(anonymous_64)
FNF:65
FNH:65
FNDA:2,(anonymous_0)
FNDA:1,(anonymous_1)
FNDA:6,(anonymous_2)
FNDA:21,(anonymous_3)
FNDA:3,(anonymous_4)
FNDA:1,(anonymous_5)
FNDA:1,(anonymous_6)
FNDA:1,(anonymous_7)
FNDA:1,(anonymous_8)
FNDA:1,(anonymous_9)
FNDA:2,(anonymous_10)
FNDA:1,(anonymous_11)
FNDA:1,(anonymous_12)
FNDA:2,(anonymous_13)
FNDA:1,(anonymous_14)
FNDA:1,(anonymous_15)
FNDA:1,(anonymous_16)
FNDA:1,(anonymous_17)
FNDA:1,(anonymous_18)
FNDA:1,(anonymous_19)
FNDA:2,(anonymous_20)
FNDA:1,(anonymous_21)
FNDA:1,(anonymous_22)
FNDA:1,(anonymous_23)
FNDA:1,(anonymous_24)
FNDA:1,(anonymous_25)
FNDA:1,(anonymous_26)
FNDA:1,(anonymous_27)
FNDA:1,(anonymous_28)
FNDA:1,(anonymous_29)
FNDA:1,(anonymous_30)
FNDA:1,(anonymous_31)
FNDA:2,(anonymous_32)
FNDA:1,(anonymous_33)
FNDA:1,(anonymous_34)
FNDA:1,(anonymous_35)
FNDA:1,(anonymous_36)
FNDA:1,(anonymous_37)
FNDA:1,(anonymous_38)
FNDA:1,(anonymous_39)
FNDA:1,(anonymous_40)
FNDA:1,(anonymous_41)
FNDA:1,(anonymous_42)
FNDA:1,(anonymous_43)
FNDA:1,(anonymous_44)
FNDA:1,(anonymous_45)
FNDA:1,(anonymous_46)
FNDA:1,(anonymous_47)
FNDA:1,(anonymous_48)
FNDA:1,(anonymous_49)
FNDA:1,(anonymous_50)
FNDA:1,(anonymous_51)
FNDA:1,(anonymous_52)
FNDA:1,(anonymous_53)
FNDA:1,(anonymous_54)
FNDA:1,(anonymous_55)
FNDA:1,(anonymous_56)
FNDA:1,(anonymous_57)
FNDA:1,(anonymous_58)
FNDA:1,(anonymous_59)
FNDA:1,(anonymous_60)
FNDA:1,(anonymous_61)
FNDA:1,(anonymous_62)
FNDA:1,(anonymous_63)
FNDA:1,(anonymous_64)
DA:2,1
DA:3,1
DA:6,1
DA:12,1
DA:19,1
DA:23,2
DA:26,2
DA:27,1
DA:30,1
DA:31,1
DA:40,1
DA:44,6
DA:45,6
DA:46,1
DA:50,6
DA:51,6
DA:55,21
DA:56,21
DA:59,21
DA:60,7
DA:63,21
DA:71,3
DA:87,1
DA:99,1
DA:117,1
DA:134,1
DA:145,1
DA:148,1
DA:156,2
DA:159,2
DA:166,1
DA:173,1
DA:180,2
DA:183,2
DA:184,6
DA:188,6
DA:189,6
DA:190,6
DA:193,2
DA:197,1
DA:201,1
DA:207,1
DA:210,1
DA:216,1
DA:219,1
DA:225,1
DA:228,1
DA:232,1
DA:238,2
DA:244,1
DA:248,1
DA:254,1
DA:257,1
DA:261,1
DA:265,1
DA:269,1
DA:273,1
DA:276,1
DA:283,1
DA:289,1
DA:296,1
DA:305,1
DA:311,1
DA:321,2
DA:329,1
DA:332,1
DA:336,1
DA:342,1
DA:345,1
DA:349,1
DA:353,1
DA:356,1
DA:362,1
DA:365,1
DA:371,1
DA:374,1
DA:380,1
DA:383,1
DA:389,1
DA:392,1
DA:398,1
DA:401,1
DA:407,1
DA:410,1
DA:416,1
DA:419,1
DA:425,1
DA:428,1
DA:434,1
DA:437,1
DA:441,1
DA:444,1
DA:450,1
DA:453,1
DA:462,1
DA:470,1
DA:483,1
DA:490,1
DA:498,1
DA:507,1
DA:514,1
DA:523,1
DA:530,1
DA:536,1
DA:540,1
DA:543,1
DA:547,1
DA:550,1
DA:561,1
DA:576,1
DA:580,1
DA:583,1
DA:589,1
DA:593,1
DA:597,1
DA:601,1
DA:608,1
DA:616,1
DA:622,1
DA:633,1
DA:645,1
LF:121
LH:121
BRDA:26,0,0,1
BRDA:26,0,1,1
BRDA:45,1,0,1
BRDA:45,1,1,5
BRDA:59,2,0,7
BRDA:59,2,1,14
BRDA:69,3,0,3
BRDA:85,4,0,1
BRDA:97,5,0,1
BRDA:115,6,0,1
BRDA:132,7,0,1
BRDA:186,8,0,4
BRDA:186,8,1,2
BRF:13
BRH:13
end_of_record
TN:
SF:lib/endpoints.ts
FNF:0
FNH:0
DA:1,1
DA:2,1
DA:3,1
DA:4,1
LF:4
LH:4
BRF:0
BRH:0
end_of_record
TN:
SF:lib/exceptions.ts
FN:2,(anonymous_0)
FN:8,(anonymous_1)
FN:14,(anonymous_2)
FN:24,(anonymous_3)
FN:30,(anonymous_4)
FNF:5
FNH:4
FNDA:3,(anonymous_0)
FNDA:2,(anonymous_1)
FNDA:1,(anonymous_2)
FNDA:0,(anonymous_3)
FNDA:7,(anonymous_4)
DA:1,1
DA:2,3
DA:3,3
DA:7,1
DA:8,2
DA:9,2
DA:13,1
DA:16,1
DA:17,1
DA:19,1
DA:23,1
DA:24,0
DA:25,0
DA:29,1
DA:32,7
DA:33,7
DA:34,7
DA:36,7
LF:18
LH:16
BRF:0
BRH:0
end_of_record
TN:
SF:lib/http.ts
FN:24,(anonymous_0)
FN:35,(anonymous_1)
FN:36,(anonymous_2)
FN:40,(anonymous_3)
FN:45,(anonymous_4)
FN:53,(anonymous_5)
FN:69,(anonymous_6)
FN:75,(anonymous_7)
FN:91,(anonymous_8)
FN:99,(anonymous_9)
FN:104,(anonymous_10)
FN:108,(anonymous_11)
FN:111,(anonymous_12)
FN:115,(anonymous_13)
FN:133,(anonymous_14)
FN:138,(anonymous_15)
FNF:16
FNH:16
FNDA:14,(anonymous_0)
FNDA:78,(anonymous_1)
FNDA:8,(anonymous_2)
FNDA:36,(anonymous_3)
FNDA:3,(anonymous_4)
FNDA:30,(anonymous_5)
FNDA:27,(anonymous_6)
FNDA:3,(anonymous_7)
FNDA:4,(anonymous_8)
FNDA:5,(anonymous_9)
FNDA:5,(anonymous_10)
FNDA:1,(anonymous_11)
FNDA:1,(anonymous_12)
FNDA:1,(anonymous_13)
FNDA:6,(anonymous_14)
FNDA:8,(anonymous_15)
DA:1,1
DA:7,1
DA:8,1
DA:9,1
DA:10,1
DA:12,1
DA:20,1
DA:25,14
DA:26,14
DA:27,14
DA:34,14
DA:35,78
DA:36,8
DA:41,36
DA:42,34
DA:46,3
DA:50,3
DA:58,30
DA:66,24
DA:70,27
DA:71,27
DA:72,6
DA:80,3
DA:88,3
DA:92,4
DA:96,4
DA:104,5
DA:105,5
DA:106,3
DA:107,2
DA:108,1
DA:109,1
DA:110,1
DA:111,1
DA:112,1
DA:113,1
DA:115,1
DA:116,1
DA:119,1
DA:123,4
DA:130,4
DA:134,6
DA:135,6
DA:139,8
DA:140,7
DA:146,1
DA:147,1
DA:148,0
DA:150,0
DA:154,0
LF:50
LH:47
BRDA:24,0,0,2
BRDA:61,1,0,30
BRDA:61,1,1,6
BRDA:71,2,0,21
BRDA:71,2,1,6
BRDA:83,3,0,3
BRDA:83,3,1,0
BRDA:105,4,0,3
BRDA:105,4,1,2
BRDA:107,5,0,1
BRDA:107,5,1,1
BRDA:125,6,0,4
BRDA:125,6,1,3
BRDA:139,7,0,7
BRDA:139,7,1,1
BRDA:146,8,0,1
BRDA:146,8,1,0
BRDA:148,9,0,0
BRDA:148,9,1,0
BRF:19
BRH:15
end_of_record
TN:
SF:lib/middleware.ts
FN:17,isValidBody
FN:21,middleware
FN:28,(anonymous_2)
FN:40,(anonymous_3)
FN:48,(anonymous_4)
FN:49,(anonymous_5)
FN:72,(anonymous_6)
FNF:7
FNH:7
FNDA:17,isValidBody
FNDA:2,middleware
FNDA:10,(anonymous_2)
FNDA:9,(anonymous_3)
FNDA:6,(anonymous_4)
FNDA:6,(anonymous_5)
FNDA:10,(anonymous_6)
DA:1,1
DA:3,1
DA:4,1
DA:5,1
DA:18,17
DA:21,1
DA:22,2
DA:23,1
DA:26,1
DA:28,1
DA:31,10
DA:35,10
DA:36,1
DA:37,1
DA:40,9
DA:41,9
DA:43,1
DA:44,8
DA:45,2
DA:48,6
DA:49,6
DA:50,6
DA:56,8
DA:57,2
DA:60,2
DA:63,5
DA:65,5
DA:66,5
DA:67,4
DA:69,1
DA:72,1
DA:73,10
LF:32
LH:32
BRDA:18,0,0,17
BRDA:18,0,1,4
BRDA:18,0,2,16
BRDA:22,1,0,1
BRDA:22,1,1,1
BRDA:35,2,0,1
BRDA:35,2,1,9
BRDA:41,3,0,1
BRDA:41,3,1,8
BRDA:44,4,0,2
BRDA:44,4,1,6
BRDA:50,5,0,1
BRDA:50,5,1,5
BRDA:56,6,0,2
BRDA:56,6,1,5
BRDA:63,7,0,4
BRDA:63,7,1,1
BRF:17
BRH:17
end_of_record
TN:
SF:lib/types.ts
FNF:0
FNH:0
DA:1998,1
DA:2003,1
LF:2
LH:2
BRF:0
BRH:0
end_of_record
TN:
SF:lib/utils.ts
FN:3,toArray
FN:7,ensureJSON
FNF:2
FNH:2
FNDA:7,toArray
FNDA:40,ensureJSON
DA:1,1
DA:3,1
DA:4,7
DA:7,1
DA:8,40
DA:9,39
DA:11,1
LF:7
LH:7
BRDA:4,0,0,3
BRDA:4,0,1,4
BRDA:8,1,0,39
BRDA:8,1,1,1
BRF:4
BRH:4
end_of_record
TN:
SF:lib/validate-signature.ts
FN:3,s2b
FN:7,safeCompare
FN:14,validateSignature
FNF:3
FNH:3
FNDA:9,s2b
FNDA:9,safeCompare
FNDA:10,validateSignature
DA:1,1
DA:4,9
DA:8,9
DA:9,1
DA:11,8
DA:14,1
DA:19,10
LF:7
LH:7
BRDA:8,0,0,1
BRDA:8,0,1,8
BRF:2
BRH:2
end_of_record
